2020-04-10T15:55:29 - createBox
{
  "blockHash": "0x8cf8b7805312fcf7f2c67030a7070581e3d24994b8ecf6dfd36596d15fd6f005",
  "blockNumber": 24951456,
  "contractAddress": null,
  "from": "0x5399850ab7bfe194fa1594f8051329ccc8acfd56",
  "gas": "0x7a1200",
  "gasPrice": "0x5d21dba00",
  "gasUsed": 33765,
  "input": "0x7fa767bc",
  "logsBloom": "0x00000000080000000000000000000000000000000000000000000000000000000000000000000000000000000000000002000000000000000000000000000000000000000000000000000000000000000000000000000000000020000000000000000000000000000000000000000000000000000000004000000000000000000000000000000000000000000000000000000000000000000000000000000000000000000000000400000000000000000000000000000000000000000000000200000000000000000000000000000000000000000000000000000000000000000000000000000000000000000000000000000000000000000000000000000000",
  "nonce": "0x11f",
  "senderTxHash": "0x52c9e9dfbfaaebd595b0a577248720ebba75906ec2f49a8afd7b653a0c7bf24e",
  "signatures": [
    {
      "V": "0x7f6",
      "R": "0xd5f4c32abc0b3b241ac0833458c3bcb031f3497e7a99dd6e1d8bddd81a9c2cb2",
      "S": "0x1c780d602bf87ad785d0f6635d02d9e04e908a967a15390caa8b185b9dcccebe"
    }
  ],
  "status": true,
  "to": "0xe9d55c1ed2d92b0821a06bac636e014b249c517d",
  "transactionHash": "0x52c9e9dfbfaaebd595b0a577248720ebba75906ec2f49a8afd7b653a0c7bf24e",
  "transactionIndex": 0,
  "type": "TxTypeSmartContractExecution",
  "typeInt": 48,
  "value": "0x0",
  "events": {
    "BoxCreated": {
      "address": "0xe9D55C1Ed2d92b0821A06Bac636E014b249c517D",
      "blockNumber": 24951456,
      "transactionHash": "0x52c9e9dfbfaaebd595b0a577248720ebba75906ec2f49a8afd7b653a0c7bf24e",
      "transactionIndex": 0,
      "blockHash": "0x8cf8b7805312fcf7f2c67030a7070581e3d24994b8ecf6dfd36596d15fd6f005",
      "logIndex": 0,
      "id": "log_679f5fb3",
      "returnValues": {
        "0": "0x09884e57ffa8b5c27cb7a956feee1a43ce4fe325b7d14f73613c30c016212cc7",
        "1": "0x5399850AB7BFE194FA1594F8051329CcC8aCfd56",
        "boxId": "0x09884e57ffa8b5c27cb7a956feee1a43ce4fe325b7d14f73613c30c016212cc7",
        "creator": "0x5399850AB7BFE194FA1594F8051329CcC8aCfd56"
      },
      "event": "BoxCreated",
      "signature": "0x1a0338ba454efa7b5dd5c5959005b88bdb0c49158a1b8aa688022fea8b3c92ce",
      "raw": {
        "data": "0x09884e57ffa8b5c27cb7a956feee1a43ce4fe325b7d14f73613c30c016212cc70000000000000000000000005399850ab7bfe194fa1594f8051329ccc8acfd56",
        "topics": [
          "0x1a0338ba454efa7b5dd5c5959005b88bdb0c49158a1b8aa688022fea8b3c92ce"
        ]
      }
    }
  }
}
2020-04-10T16:01:20 - rewardBalance
"0"
2020-04-10T16:11:05 - rewardBalance
"0"
2020-04-10T16:11:16 - createBox
{
  "blockHash": "0xfa1abbfeef8f2f3cd2bd39d9a9e8a0561cf8f5dc79b63d86223252db185e0bed",
  "blockNumber": 24952403,
  "contractAddress": null,
  "from": "0x5399850ab7bfe194fa1594f8051329ccc8acfd56",
  "gas": "0x7a1200",
  "gasPrice": "0x5d21dba00",
  "gasUsed": 33765,
  "input": "0x7fa767bc",
  "logsBloom": "0x00000000080000000000000000000000000000000000000000000000000000000000000000000000000000000000000002000000000000000000000000000000000000000000000000000000000000000000000000000000000020000000000000000000000000000000000000000000000000000000004000000000000000000000000000000000000000000000000000000000000000000000000000000000000000000000000400000000000000000000000000000000000000000000000200000000000000000000000000000000000000000000000000000000000000000000000000000000000000000000000000000000000000000000000000000000",
  "nonce": "0x120",
  "senderTxHash": "0xf3b479e069fedbe47fcdc56ddaa4cd65c5da9bd985a5af4d2b1f667cbc853e6c",
  "signatures": [
    {
      "V": "0x7f6",
      "R": "0x91f988b6bff34249c2e455f823f38e47c4480b0e989807656403c8ee6ffad1a9",
      "S": "0x7a13b2e320b9916aa0b81157a4152060eb7b7d40315b1ecbabe8b5db22c134d0"
    }
  ],
  "status": true,
  "to": "0xe9d55c1ed2d92b0821a06bac636e014b249c517d",
  "transactionHash": "0xf3b479e069fedbe47fcdc56ddaa4cd65c5da9bd985a5af4d2b1f667cbc853e6c",
  "transactionIndex": 0,
  "type": "TxTypeSmartContractExecution",
  "typeInt": 48,
  "value": "0x0",
  "events": {
    "BoxCreated": {
      "address": "0xe9D55C1Ed2d92b0821A06Bac636E014b249c517D",
      "blockNumber": 24952403,
      "transactionHash": "0xf3b479e069fedbe47fcdc56ddaa4cd65c5da9bd985a5af4d2b1f667cbc853e6c",
      "transactionIndex": 0,
      "blockHash": "0xfa1abbfeef8f2f3cd2bd39d9a9e8a0561cf8f5dc79b63d86223252db185e0bed",
      "logIndex": 0,
      "id": "log_afd53b38",
      "returnValues": {
        "0": "0x09884e57ffa8b5c27cb7a956feee1a43ce4fe325b7d14f73613c30c016212cc7",
        "1": "0x5399850AB7BFE194FA1594F8051329CcC8aCfd56",
        "boxId": "0x09884e57ffa8b5c27cb7a956feee1a43ce4fe325b7d14f73613c30c016212cc7",
        "creator": "0x5399850AB7BFE194FA1594F8051329CcC8aCfd56"
      },
      "event": "BoxCreated",
      "signature": "0x1a0338ba454efa7b5dd5c5959005b88bdb0c49158a1b8aa688022fea8b3c92ce",
      "raw": {
        "data": "0x09884e57ffa8b5c27cb7a956feee1a43ce4fe325b7d14f73613c30c016212cc70000000000000000000000005399850ab7bfe194fa1594f8051329ccc8acfd56",
        "topics": [
          "0x1a0338ba454efa7b5dd5c5959005b88bdb0c49158a1b8aa688022fea8b3c92ce"
        ]
      }
    }
  }
}
2020-04-10T16:18:10 - createBox
{
  "blockHash": "0xd8f6756b968881237422a75fbb7a6aee13169bc086690378b86af9b18d2e759a",
  "blockNumber": 24952816,
  "contractAddress": null,
  "from": "0x5399850ab7bfe194fa1594f8051329ccc8acfd56",
  "gas": "0x7a1200",
  "gasPrice": "0x5d21dba00",
  "gasUsed": 33765,
  "input": "0x7fa767bc",
  "logsBloom": "0x00000000080000000000000000000000000000000000000000000000000000000000000000000000000000000000000002000000000000000000000000000000000000000000000000000000000000000000000000000000000020000000000000000000000000000000000000000000000000000000004000000000000000000000000000000000000000000000000000000000000000000000000000000000000000000000000400000000000000000000000000000000000000000000000200000000000000000000000000000000000000000000000000000000000000000000000000000000000000000000000000000000000000000000000000000000",
  "nonce": "0x121",
  "senderTxHash": "0xf79b068a930d3d803ad0bebd4445dc28a05525a8c8c3074981066d995f4aa363",
  "signatures": [
    {
      "V": "0x7f6",
      "R": "0x7a212f66b3df4e1f9d798ceb8fab51a337a6168327150b573599003f08625631",
      "S": "0x7c8fa7c4a5c8729c8d7a7403b6296360c64c0dcb2f5b060c23892e6b16dcb077"
    }
  ],
  "status": true,
  "to": "0xe9d55c1ed2d92b0821a06bac636e014b249c517d",
  "transactionHash": "0xf79b068a930d3d803ad0bebd4445dc28a05525a8c8c3074981066d995f4aa363",
  "transactionIndex": 54,
  "type": "TxTypeSmartContractExecution",
  "typeInt": 48,
  "value": "0x0",
  "events": {
    "BoxCreated": {
      "address": "0xe9D55C1Ed2d92b0821A06Bac636E014b249c517D",
      "blockNumber": 24952816,
      "transactionHash": "0xf79b068a930d3d803ad0bebd4445dc28a05525a8c8c3074981066d995f4aa363",
      "transactionIndex": 54,
      "blockHash": "0xd8f6756b968881237422a75fbb7a6aee13169bc086690378b86af9b18d2e759a",
      "logIndex": 0,
      "id": "log_a946aade",
      "returnValues": {
        "0": "0x09884e57ffa8b5c27cb7a956feee1a43ce4fe325b7d14f73613c30c016212cc7",
        "1": "0x5399850AB7BFE194FA1594F8051329CcC8aCfd56",
        "boxId": "0x09884e57ffa8b5c27cb7a956feee1a43ce4fe325b7d14f73613c30c016212cc7",
        "creator": "0x5399850AB7BFE194FA1594F8051329CcC8aCfd56"
      },
      "event": "BoxCreated",
      "signature": "0x1a0338ba454efa7b5dd5c5959005b88bdb0c49158a1b8aa688022fea8b3c92ce",
      "raw": {
        "data": "0x09884e57ffa8b5c27cb7a956feee1a43ce4fe325b7d14f73613c30c016212cc70000000000000000000000005399850ab7bfe194fa1594f8051329ccc8acfd56",
        "topics": [
          "0x1a0338ba454efa7b5dd5c5959005b88bdb0c49158a1b8aa688022fea8b3c92ce"
        ]
      }
    }
  }
}
