2020-04-23T13:53:28 - balanceOf 0x5399850AB7BFE194FA1594F8051329CcC8aCfd56
"827999999797616302999999694758"
2020-04-23T13:54:07 - stake
{
  "blockHash": "0x49d25134c4067641dedb88eecc8b4f2a431b14ebe58fe2ca4196cb4a40b75691",
  "blockNumber": 26067274,
  "contractAddress": null,
  "from": "0x5399850ab7bfe194fa1594f8051329ccc8acfd56",
  "gas": "0x7a1200",
  "gasPrice": "0x5d21dba00",
  "gasUsed": 60329,
  "input": "0xa694fc3a0000000000000000000000000000000000000000000000000000000000000001",
  "logsBloom": "0x00000008000000000400000000000000000000000000000002000000080000000000000000000000000000000000000000000000000000000000000000200002000000800000000000000008000000000000000000000000000000000000000020000000000000000000000000000000000001000000000000000010000000000000000000000000000000000000000000000000000000000000000000000000020080000000000000000000000000000000002000000000000000000010002000000002000000000000000000000000000000000000000000000004000000000010000000000000000080010000000000000000000000000000000000000000",
  "nonce": "0x4d9",
  "senderTxHash": "0x9e13273cc688892329822e0b2cf4745d826ff3e6f94a00bd81bc7f25e0cc8e34",
  "signatures": [
    {
      "V": "0x7f6",
      "R": "0xbdc0790138b86cea6dca9b704cf8c1103ed5b218241c229990b8bcfb7ec54222",
      "S": "0x2b6fc6d855c9eb13ca6776cdde85166f3077f2db30285962653d78fae5812a9e"
    }
  ],
  "status": true,
  "to": "0x6f20847c12d065c7e64778e56b719ac25a7aadc7",
  "transactionHash": "0x9e13273cc688892329822e0b2cf4745d826ff3e6f94a00bd81bc7f25e0cc8e34",
  "transactionIndex": 0,
  "type": "TxTypeSmartContractExecution",
  "typeInt": 48,
  "value": "0x0",
  "events": {
    "0": {
      "address": "0x0e6984E470BcC67c9C008F921DCb44a7B252f298",
      "blockNumber": 26067274,
      "transactionHash": "0x9e13273cc688892329822e0b2cf4745d826ff3e6f94a00bd81bc7f25e0cc8e34",
      "transactionIndex": 0,
      "blockHash": "0x49d25134c4067641dedb88eecc8b4f2a431b14ebe58fe2ca4196cb4a40b75691",
      "logIndex": 0,
      "id": "log_1d1a8b99",
      "returnValues": {},
      "signature": null,
      "raw": {
        "data": "0x0000000000000000000000000000000000000000000000000000000000000001",
        "topics": [
          "0xddf252ad1be2c89b69c2b068fc378daa952ba7f163c4a11628f55a4df523b3ef",
          "0x0000000000000000000000005399850ab7bfe194fa1594f8051329ccc8acfd56",
          "0x0000000000000000000000006f20847c12d065c7e64778e56b719ac25a7aadc7"
        ]
      }
    },
    "1": {
      "address": "0x0e6984E470BcC67c9C008F921DCb44a7B252f298",
      "blockNumber": 26067274,
      "transactionHash": "0x9e13273cc688892329822e0b2cf4745d826ff3e6f94a00bd81bc7f25e0cc8e34",
      "transactionIndex": 0,
      "blockHash": "0x49d25134c4067641dedb88eecc8b4f2a431b14ebe58fe2ca4196cb4a40b75691",
      "logIndex": 1,
      "id": "log_acf4e43f",
      "returnValues": {},
      "signature": null,
      "raw": {
        "data": "0x0000000000000000000000000000000000000000204fce5e3e2502610ffffffe",
        "topics": [
          "0x8c5be1e5ebec7d5bd14f71427d1e84f3dd0314c0f7b2291e5b200ac8c7c3b925",
          "0x0000000000000000000000005399850ab7bfe194fa1594f8051329ccc8acfd56",
          "0x0000000000000000000000006f20847c12d065c7e64778e56b719ac25a7aadc7"
        ]
      }
    },
    "Stake": {
      "address": "0x6f20847c12d065c7E64778E56B719aC25a7aadc7",
      "blockNumber": 26067274,
      "transactionHash": "0x9e13273cc688892329822e0b2cf4745d826ff3e6f94a00bd81bc7f25e0cc8e34",
      "transactionIndex": 0,
      "blockHash": "0x49d25134c4067641dedb88eecc8b4f2a431b14ebe58fe2ca4196cb4a40b75691",
      "logIndex": 2,
      "id": "log_d4e2ab00",
      "returnValues": {
        "0": "0x0000000000000000000000000000000000000000000000000000000000000000",
        "1": "0x5399850AB7BFE194FA1594F8051329CcC8aCfd56",
        "2": "1",
        "boxId": "0x0000000000000000000000000000000000000000000000000000000000000000",
        "staker": "0x5399850AB7BFE194FA1594F8051329CcC8aCfd56",
        "amount": "1"
      },
      "event": "Stake",
      "signature": "0x01b9b905b7a6ba28c62c1fe629bb4fe2f04219479f94ea8243fd031074b0f137",
      "raw": {
        "data": "0x00000000000000000000000000000000000000000000000000000000000000000000000000000000000000005399850ab7bfe194fa1594f8051329ccc8acfd560000000000000000000000000000000000000000000000000000000000000001",
        "topics": [
          "0x01b9b905b7a6ba28c62c1fe629bb4fe2f04219479f94ea8243fd031074b0f137"
        ]
      }
    }
  }
}
2020-04-23T13:56:21 - createBox
{
  "blockHash": "0x35edfa76f79e4ba664fc11bcc87a8a7f178025b0655a04341516d45fb6e8d719",
  "blockNumber": 26067408,
  "contractAddress": null,
  "from": "0x5399850ab7bfe194fa1594f8051329ccc8acfd56",
  "gas": "0x7a1200",
  "gasPrice": "0x5d21dba00",
  "gasUsed": 66798,
  "input": "0x60a061df5350303030303030303031313131313100000000000000000000000000000000",
  "logsBloom": "0x08000000180000000000000000000000000000000000000000000000000000000000000000000000000000000000000000000000000000000000000000000000000000000000000000000000000000000000000000000000000000000000000000000000000000000000000000000000000000000000004000000000000000000000000000000000000000000000000000000000000000000000000000000000000000000000000000000000000000000000000000000000000000000000000200000000000000400000000000000000000000000000000000000000000000000000000000000000000000000000000000000000000000000000000000000000",
  "nonce": "0x4da",
  "senderTxHash": "0x1c926f7ac186ee213fe1c773fcc589a8ee72a5b97ae483bfe1cdfd4c08e08531",
  "signatures": [
    {
      "V": "0x7f5",
      "R": "0xf976d9c868354e037b99663faa13653d217aa66d9472ff7bb9ec6d6f3f209cc4",
      "S": "0x747a494ab115296e17e9770745b887ce4c2e48d822d12c479c8ab18110995839"
    }
  ],
  "status": true,
  "to": "0x590061696601268f4784822f546a8cdb5388b7a8",
  "transactionHash": "0x1c926f7ac186ee213fe1c773fcc589a8ee72a5b97ae483bfe1cdfd4c08e08531",
  "transactionIndex": 0,
  "type": "TxTypeSmartContractExecution",
  "typeInt": 48,
  "value": "0x0",
  "events": {
    "BoxCreated": {
      "address": "0x590061696601268f4784822F546A8CdB5388b7a8",
      "blockNumber": 26067408,
      "transactionHash": "0x1c926f7ac186ee213fe1c773fcc589a8ee72a5b97ae483bfe1cdfd4c08e08531",
      "transactionIndex": 0,
      "blockHash": "0x35edfa76f79e4ba664fc11bcc87a8a7f178025b0655a04341516d45fb6e8d719",
      "logIndex": 0,
      "id": "log_322341ef",
      "returnValues": {
        "0": "0x5350303030303030303031313131313100000000000000000000000000000000",
        "1": "0x5399850AB7BFE194FA1594F8051329CcC8aCfd56",
        "boxId": "0x5350303030303030303031313131313100000000000000000000000000000000",
        "creator": "0x5399850AB7BFE194FA1594F8051329CcC8aCfd56"
      },
      "event": "BoxCreated",
      "signature": "0x1a0338ba454efa7b5dd5c5959005b88bdb0c49158a1b8aa688022fea8b3c92ce",
      "raw": {
        "data": "0x53503030303030303030313131313131000000000000000000000000000000000000000000000000000000005399850ab7bfe194fa1594f8051329ccc8acfd56",
        "topics": [
          "0x1a0338ba454efa7b5dd5c5959005b88bdb0c49158a1b8aa688022fea8b3c92ce"
        ]
      }
    }
  }
}
2020-04-23T14:09:28 - stake
{
  "blockHash": "0x9940ea67cb838ac3d8a0244b3177245bfb346ce152df79259ee9d06cfe8ccaaf",
  "blockNumber": 26068195,
  "contractAddress": null,
  "from": "0x5399850ab7bfe194fa1594f8051329ccc8acfd56",
  "gas": "0x7a1200",
  "gasPrice": "0x5d21dba00",
  "gasUsed": 90312,
  "input": "0xa694fc3a0000000000000000000000000000000000000000000000000000000000000001",
  "logsBloom": "0x08000008100000000000000000000000000000000008000002000000080000000000000000000000000000000000000000000000000000000000000000200002000000000000000000000008000000000000000000000000000000000000000000000000000000000000000000000000000000000000000000000010000000000000000000000000000000000000000000000000000000000000000000000000020080000000200000000000000000000000000000000000000000000010002000000002000000400000000000000000000000000000000000000000000000000010000000000000000080010000000000000800000000000000000000000000",
  "nonce": "0x4e0",
  "senderTxHash": "0xfd6dd706bb032c3398f24617443781d90f7f1c2d2b1f55fb72679c111b298dd4",
  "signatures": [
    {
      "V": "0x7f6",
      "R": "0xce8e16afa9f682c5cd6872e3a9c747015c252cc801f37c349be942de018d15c1",
      "S": "0x53fbf0045e9d277966ec11c61f562b2c7677d6f00c4be10eb6723b9153f57c43"
    }
  ],
  "status": true,
  "to": "0x590061696601268f4784822f546a8cdb5388b7a8",
  "transactionHash": "0xfd6dd706bb032c3398f24617443781d90f7f1c2d2b1f55fb72679c111b298dd4",
  "transactionIndex": 0,
  "type": "TxTypeSmartContractExecution",
  "typeInt": 48,
  "value": "0x0",
  "events": {
    "0": {
      "address": "0x0e6984E470BcC67c9C008F921DCb44a7B252f298",
      "blockNumber": 26068195,
      "transactionHash": "0xfd6dd706bb032c3398f24617443781d90f7f1c2d2b1f55fb72679c111b298dd4",
      "transactionIndex": 0,
      "blockHash": "0x9940ea67cb838ac3d8a0244b3177245bfb346ce152df79259ee9d06cfe8ccaaf",
      "logIndex": 0,
      "id": "log_5eec64ba",
      "returnValues": {},
      "signature": null,
      "raw": {
        "data": "0x0000000000000000000000000000000000000000000000000000000000000001",
        "topics": [
          "0xddf252ad1be2c89b69c2b068fc378daa952ba7f163c4a11628f55a4df523b3ef",
          "0x0000000000000000000000005399850ab7bfe194fa1594f8051329ccc8acfd56",
          "0x000000000000000000000000590061696601268f4784822f546a8cdb5388b7a8"
        ]
      }
    },
    "1": {
      "address": "0x0e6984E470BcC67c9C008F921DCb44a7B252f298",
      "blockNumber": 26068195,
      "transactionHash": "0xfd6dd706bb032c3398f24617443781d90f7f1c2d2b1f55fb72679c111b298dd4",
      "transactionIndex": 0,
      "blockHash": "0x9940ea67cb838ac3d8a0244b3177245bfb346ce152df79259ee9d06cfe8ccaaf",
      "logIndex": 1,
      "id": "log_8ba401b5",
      "returnValues": {},
      "signature": null,
      "raw": {
        "data": "0xfffffffffffffffffffffffffffffffffffffffffffffffffffffffffffffffe",
        "topics": [
          "0x8c5be1e5ebec7d5bd14f71427d1e84f3dd0314c0f7b2291e5b200ac8c7c3b925",
          "0x0000000000000000000000005399850ab7bfe194fa1594f8051329ccc8acfd56",
          "0x000000000000000000000000590061696601268f4784822f546a8cdb5388b7a8"
        ]
      }
    },
    "Stake": {
      "address": "0x590061696601268f4784822F546A8CdB5388b7a8",
      "blockNumber": 26068195,
      "transactionHash": "0xfd6dd706bb032c3398f24617443781d90f7f1c2d2b1f55fb72679c111b298dd4",
      "transactionIndex": 0,
      "blockHash": "0x9940ea67cb838ac3d8a0244b3177245bfb346ce152df79259ee9d06cfe8ccaaf",
      "logIndex": 2,
      "id": "log_d90e337e",
      "returnValues": {
        "0": "0x0000000000000000000000000000000000000000000000000000000000000000",
        "1": "0x5399850AB7BFE194FA1594F8051329CcC8aCfd56",
        "2": "1",
        "boxId": "0x0000000000000000000000000000000000000000000000000000000000000000",
        "staker": "0x5399850AB7BFE194FA1594F8051329CcC8aCfd56",
        "amount": "1"
      },
      "event": "Stake",
      "signature": "0x01b9b905b7a6ba28c62c1fe629bb4fe2f04219479f94ea8243fd031074b0f137",
      "raw": {
        "data": "0x00000000000000000000000000000000000000000000000000000000000000000000000000000000000000005399850ab7bfe194fa1594f8051329ccc8acfd560000000000000000000000000000000000000000000000000000000000000001",
        "topics": [
          "0x01b9b905b7a6ba28c62c1fe629bb4fe2f04219479f94ea8243fd031074b0f137"
        ]
      }
    }
  }
}
2020-04-23T14:11:34 - stake
{
  "blockHash": "0xc4442a60a465aebb09ea41a4059ea6ff4c63373188667aab389e4551e6be64e6",
  "blockNumber": 26068321,
  "contractAddress": null,
  "from": "0x5399850ab7bfe194fa1594f8051329ccc8acfd56",
  "gas": "0x7a1200",
  "gasPrice": "0x5d21dba00",
  "gasUsed": 60312,
  "input": "0xa694fc3a0000000000000000000000000000000000000000000000000de0b6b3a7640000",
  "logsBloom": "0x08000008100000000000000000000000000000000008000002000000080000000000000000000000000000000000000000000000000000000000000000200002000000000000000000000008000000000000000000000000000000000000000000000000000000000000000000000000000000000000000000000010000000000000000000000000000000000000000000000000000000000000000000000000020080000000200000000000000000000000000000000000000000000010002000000002000000400000000000000000000000000000000000000000000000000010000000000000000080010000000000000800000000000000000000000000",
  "nonce": "0x4e6",
  "senderTxHash": "0x5914c757cd4a141575e0733610381405d62f8d4423405428b5fd80be7580a4ad",
  "signatures": [
    {
      "V": "0x7f6",
      "R": "0x54844b75012e031ae61f2142c5083937b3650a01b3816b2835d0523aeb379851",
      "S": "0x745e10bb0a1f4d5492e5b343529cabf93c19de99b55469dddf5bca895305d9bf"
    }
  ],
  "status": true,
  "to": "0x590061696601268f4784822f546a8cdb5388b7a8",
  "transactionHash": "0x5914c757cd4a141575e0733610381405d62f8d4423405428b5fd80be7580a4ad",
  "transactionIndex": 0,
  "type": "TxTypeSmartContractExecution",
  "typeInt": 48,
  "value": "0x0",
  "events": {
    "0": {
      "address": "0x0e6984E470BcC67c9C008F921DCb44a7B252f298",
      "blockNumber": 26068321,
      "transactionHash": "0x5914c757cd4a141575e0733610381405d62f8d4423405428b5fd80be7580a4ad",
      "transactionIndex": 0,
      "blockHash": "0xc4442a60a465aebb09ea41a4059ea6ff4c63373188667aab389e4551e6be64e6",
      "logIndex": 0,
      "id": "log_6b974703",
      "returnValues": {},
      "signature": null,
      "raw": {
        "data": "0x0000000000000000000000000000000000000000000000000de0b6b3a7640000",
        "topics": [
          "0xddf252ad1be2c89b69c2b068fc378daa952ba7f163c4a11628f55a4df523b3ef",
          "0x0000000000000000000000005399850ab7bfe194fa1594f8051329ccc8acfd56",
          "0x000000000000000000000000590061696601268f4784822f546a8cdb5388b7a8"
        ]
      }
    },
    "1": {
      "address": "0x0e6984E470BcC67c9C008F921DCb44a7B252f298",
      "blockNumber": 26068321,
      "transactionHash": "0x5914c757cd4a141575e0733610381405d62f8d4423405428b5fd80be7580a4ad",
      "transactionIndex": 0,
      "blockHash": "0xc4442a60a465aebb09ea41a4059ea6ff4c63373188667aab389e4551e6be64e6",
      "logIndex": 1,
      "id": "log_f5c9faa2",
      "returnValues": {},
      "signature": null,
      "raw": {
        "data": "0xfffffffffffffffffffffffffffffffffffffffffffffffff21f494c589bfffe",
        "topics": [
          "0x8c5be1e5ebec7d5bd14f71427d1e84f3dd0314c0f7b2291e5b200ac8c7c3b925",
          "0x0000000000000000000000005399850ab7bfe194fa1594f8051329ccc8acfd56",
          "0x000000000000000000000000590061696601268f4784822f546a8cdb5388b7a8"
        ]
      }
    },
    "Stake": {
      "address": "0x590061696601268f4784822F546A8CdB5388b7a8",
      "blockNumber": 26068321,
      "transactionHash": "0x5914c757cd4a141575e0733610381405d62f8d4423405428b5fd80be7580a4ad",
      "transactionIndex": 0,
      "blockHash": "0xc4442a60a465aebb09ea41a4059ea6ff4c63373188667aab389e4551e6be64e6",
      "logIndex": 2,
      "id": "log_8ed24856",
      "returnValues": {
        "0": "0x0000000000000000000000000000000000000000000000000000000000000000",
        "1": "0x5399850AB7BFE194FA1594F8051329CcC8aCfd56",
        "2": "1000000000000000000",
        "boxId": "0x0000000000000000000000000000000000000000000000000000000000000000",
        "staker": "0x5399850AB7BFE194FA1594F8051329CcC8aCfd56",
        "amount": "1000000000000000000"
      },
      "event": "Stake",
      "signature": "0x01b9b905b7a6ba28c62c1fe629bb4fe2f04219479f94ea8243fd031074b0f137",
      "raw": {
        "data": "0x00000000000000000000000000000000000000000000000000000000000000000000000000000000000000005399850ab7bfe194fa1594f8051329ccc8acfd560000000000000000000000000000000000000000000000000de0b6b3a7640000",
        "topics": [
          "0x01b9b905b7a6ba28c62c1fe629bb4fe2f04219479f94ea8243fd031074b0f137"
        ]
      }
    }
  }
}
2020-04-23T14:11:50 - createBox
{
  "blockHash": "0x08021f7553b93e343405084a404ceb9fe2501a1fb843195da07647a56c989d38",
  "blockNumber": 26068337,
  "contractAddress": null,
  "from": "0x5399850ab7bfe194fa1594f8051329ccc8acfd56",
  "gas": "0x7a1200",
  "gasPrice": "0x5d21dba00",
  "gasUsed": 66798,
  "input": "0x60a061df5350303030303030303030303030303100000000000000000000000000000000",
  "logsBloom": "0x08000000180000000000000000000000000000000000000000000000000000000000000000000000000000000000000000000000000000000000000000000000000000000000000000000000000000000000000000000000000000000000000000000000000000000000000000000000000000000000004000000000000000000000000000000000000000000000000000000000000000000000000000000000000000000000000000000000000000000000000000000000000000000000000200000000000000400000000000000000000000000000000000000000000000000000000000000000000000000000000000000000000000000000000000000000",
  "nonce": "0x4e7",
  "senderTxHash": "0xda9831f7188017557d8a7905549c0998f648e14ec8d4aa109642e347b5a635de",
  "signatures": [
    {
      "V": "0x7f5",
      "R": "0x719466cfa2f32f492937419b2c5766551690a4fd4408ecb3df32dd761b47322c",
      "S": "0x51eabc25da5b4927ffbce92999e430428d9dde8c022192dfd1570794d9597d9d"
    }
  ],
  "status": true,
  "to": "0x590061696601268f4784822f546a8cdb5388b7a8",
  "transactionHash": "0xda9831f7188017557d8a7905549c0998f648e14ec8d4aa109642e347b5a635de",
  "transactionIndex": 0,
  "type": "TxTypeSmartContractExecution",
  "typeInt": 48,
  "value": "0x0",
  "events": {
    "BoxCreated": {
      "address": "0x590061696601268f4784822F546A8CdB5388b7a8",
      "blockNumber": 26068337,
      "transactionHash": "0xda9831f7188017557d8a7905549c0998f648e14ec8d4aa109642e347b5a635de",
      "transactionIndex": 0,
      "blockHash": "0x08021f7553b93e343405084a404ceb9fe2501a1fb843195da07647a56c989d38",
      "logIndex": 0,
      "id": "log_40b504c8",
      "returnValues": {
        "0": "0x5350303030303030303030303030303100000000000000000000000000000000",
        "1": "0x5399850AB7BFE194FA1594F8051329CcC8aCfd56",
        "boxId": "0x5350303030303030303030303030303100000000000000000000000000000000",
        "creator": "0x5399850AB7BFE194FA1594F8051329CcC8aCfd56"
      },
      "event": "BoxCreated",
      "signature": "0x1a0338ba454efa7b5dd5c5959005b88bdb0c49158a1b8aa688022fea8b3c92ce",
      "raw": {
        "data": "0x53503030303030303030303030303031000000000000000000000000000000000000000000000000000000005399850ab7bfe194fa1594f8051329ccc8acfd56",
        "topics": [
          "0x1a0338ba454efa7b5dd5c5959005b88bdb0c49158a1b8aa688022fea8b3c92ce"
        ]
      }
    }
  }
}
2020-04-23T14:11:54 - createBox
{
  "blockHash": "0x0e3a9150a5dcb4614507fe9dea733462885a1b7a7c6f4e6e70b1b78857761500",
  "blockNumber": 26068341,
  "contractAddress": null,
  "from": "0x02c3d28f9d2618f03f8a499774ac28332471ae6a",
  "gas": "0x7a1200",
  "gasPrice": "0x5d21dba00",
  "gasUsed": 66798,
  "input": "0x60a061df5350303030303030303030303030303200000000000000000000000000000000",
  "logsBloom": "0x08000000180000000000000000000000000000000000000000000000000000000000000000000000000000000000000000000000000000000000000000000000000000000000000000000000000000000000000000000000000000000000000000000000000000000000000000000000000000000000004000000000000000000000000000000000000000000000000000000000000000000000000000000000000000000000000000000000000000000000000000000000000000000000000200000000000000400000000000000000000000000000000000000000000000000000000000000000000000000000000000000000000000000000000000000000",
  "nonce": "0x37",
  "senderTxHash": "0xee5bff75cd6f785a1d7e90bb81498137c342986243fcf0a93fc9b1237817788e",
  "signatures": [
    {
      "V": "0x7f5",
      "R": "0x5638c51f4e0f4d4146e12912fa5ccc73c8141f214d82f2ae1228195c4db048c6",
      "S": "0x35e69c1328bb315e036fc9daaa56508b2d551d296e09b510620af4bd8020198b"
    }
  ],
  "status": true,
  "to": "0x590061696601268f4784822f546a8cdb5388b7a8",
  "transactionHash": "0xee5bff75cd6f785a1d7e90bb81498137c342986243fcf0a93fc9b1237817788e",
  "transactionIndex": 0,
  "type": "TxTypeSmartContractExecution",
  "typeInt": 48,
  "value": "0x0",
  "events": {
    "BoxCreated": {
      "address": "0x590061696601268f4784822F546A8CdB5388b7a8",
      "blockNumber": 26068341,
      "transactionHash": "0xee5bff75cd6f785a1d7e90bb81498137c342986243fcf0a93fc9b1237817788e",
      "transactionIndex": 0,
      "blockHash": "0x0e3a9150a5dcb4614507fe9dea733462885a1b7a7c6f4e6e70b1b78857761500",
      "logIndex": 0,
      "id": "log_e424b76b",
      "returnValues": {
        "0": "0x5350303030303030303030303030303200000000000000000000000000000000",
        "1": "0x02C3d28F9d2618f03F8A499774aC28332471AE6a",
        "boxId": "0x5350303030303030303030303030303200000000000000000000000000000000",
        "creator": "0x02C3d28F9d2618f03F8A499774aC28332471AE6a"
      },
      "event": "BoxCreated",
      "signature": "0x1a0338ba454efa7b5dd5c5959005b88bdb0c49158a1b8aa688022fea8b3c92ce",
      "raw": {
        "data": "0x535030303030303030303030303030320000000000000000000000000000000000000000000000000000000002c3d28f9d2618f03f8a499774ac28332471ae6a",
        "topics": [
          "0x1a0338ba454efa7b5dd5c5959005b88bdb0c49158a1b8aa688022fea8b3c92ce"
        ]
      }
    }
  }
}
2020-04-23T14:16:03 - stakeTo
{
  "blockHash": "0x12369a5ded8c889601d8182b822db9f019ef69342394b083856b09f28f65f476",
  "blockNumber": 26068590,
  "contractAddress": null,
  "from": "0x5399850ab7bfe194fa1594f8051329ccc8acfd56",
  "gas": "0x7a1200",
  "gasPrice": "0x5d21dba00",
  "gasUsed": 94782,
  "input": "0x5b6156d053503030303030303030303030303031000000000000000000000000000000000000000000000000000000000000000000000000000000000000000000000001",
  "logsBloom": "0x08000008100000000000000000000000000000000008000002000000080000000000000000000000000000000000000000000000000000000000000000200002000000000000000000000008000000000000000000000000000000000000000000000000000000000000000000000000000000000000000000000010000000000000000000000000000000000000000000000000000000000000000000000000020080000000200000000000000000000000000000000000000000000010002000000002000000400000000000000000000000000000000000000000000000000010000000000000000080010000000000000800000000000000000000000000",
  "nonce": "0x4e9",
  "senderTxHash": "0xbce2d6e2a79b79d9671463cde88cb7db43b0198277bc1f8c8ae67517173faa4f",
  "signatures": [
    {
      "V": "0x7f6",
      "R": "0x4c9f913f89d268faca1bf7d0704055681e354ccd8f36db7add7ab7728b30c933",
      "S": "0x5173751e2157b21842c196a8c1fdad4a6b6b6b5624dd5a8356ba2269fbcd1657"
    }
  ],
  "status": true,
  "to": "0x590061696601268f4784822f546a8cdb5388b7a8",
  "transactionHash": "0xbce2d6e2a79b79d9671463cde88cb7db43b0198277bc1f8c8ae67517173faa4f",
  "transactionIndex": 0,
  "type": "TxTypeSmartContractExecution",
  "typeInt": 48,
  "value": "0x0",
  "events": {
    "0": {
      "address": "0x0e6984E470BcC67c9C008F921DCb44a7B252f298",
      "blockNumber": 26068590,
      "transactionHash": "0xbce2d6e2a79b79d9671463cde88cb7db43b0198277bc1f8c8ae67517173faa4f",
      "transactionIndex": 0,
      "blockHash": "0x12369a5ded8c889601d8182b822db9f019ef69342394b083856b09f28f65f476",
      "logIndex": 0,
      "id": "log_25d4c3a1",
      "returnValues": {},
      "signature": null,
      "raw": {
        "data": "0x0000000000000000000000000000000000000000000000000000000000000001",
        "topics": [
          "0xddf252ad1be2c89b69c2b068fc378daa952ba7f163c4a11628f55a4df523b3ef",
          "0x0000000000000000000000005399850ab7bfe194fa1594f8051329ccc8acfd56",
          "0x000000000000000000000000590061696601268f4784822f546a8cdb5388b7a8"
        ]
      }
    },
    "1": {
      "address": "0x0e6984E470BcC67c9C008F921DCb44a7B252f298",
      "blockNumber": 26068590,
      "transactionHash": "0xbce2d6e2a79b79d9671463cde88cb7db43b0198277bc1f8c8ae67517173faa4f",
      "transactionIndex": 0,
      "blockHash": "0x12369a5ded8c889601d8182b822db9f019ef69342394b083856b09f28f65f476",
      "logIndex": 1,
      "id": "log_5c63f975",
      "returnValues": {},
      "signature": null,
      "raw": {
        "data": "0xfffffffffffffffffffffffffffffffffffffffffffffffff21f494c589bfffd",
        "topics": [
          "0x8c5be1e5ebec7d5bd14f71427d1e84f3dd0314c0f7b2291e5b200ac8c7c3b925",
          "0x0000000000000000000000005399850ab7bfe194fa1594f8051329ccc8acfd56",
          "0x000000000000000000000000590061696601268f4784822f546a8cdb5388b7a8"
        ]
      }
    },
    "Stake": {
      "address": "0x590061696601268f4784822F546A8CdB5388b7a8",
      "blockNumber": 26068590,
      "transactionHash": "0xbce2d6e2a79b79d9671463cde88cb7db43b0198277bc1f8c8ae67517173faa4f",
      "transactionIndex": 0,
      "blockHash": "0x12369a5ded8c889601d8182b822db9f019ef69342394b083856b09f28f65f476",
      "logIndex": 2,
      "id": "log_8b03053a",
      "returnValues": {
        "0": "0x5350303030303030303030303030303100000000000000000000000000000000",
        "1": "0x5399850AB7BFE194FA1594F8051329CcC8aCfd56",
        "2": "1",
        "boxId": "0x5350303030303030303030303030303100000000000000000000000000000000",
        "staker": "0x5399850AB7BFE194FA1594F8051329CcC8aCfd56",
        "amount": "1"
      },
      "event": "Stake",
      "signature": "0x01b9b905b7a6ba28c62c1fe629bb4fe2f04219479f94ea8243fd031074b0f137",
      "raw": {
        "data": "0x53503030303030303030303030303031000000000000000000000000000000000000000000000000000000005399850ab7bfe194fa1594f8051329ccc8acfd560000000000000000000000000000000000000000000000000000000000000001",
        "topics": [
          "0x01b9b905b7a6ba28c62c1fe629bb4fe2f04219479f94ea8243fd031074b0f137"
        ]
      }
    }
  }
}
2020-04-23T14:16:13 - stakeTo
{
  "blockHash": "0xeb8610dbb5048f55a1c7e062cf370280de60ad356acaf76a1277d9f30b6bfd99",
  "blockNumber": 26068600,
  "contractAddress": null,
  "from": "0x5399850ab7bfe194fa1594f8051329ccc8acfd56",
  "gas": "0x7a1200",
  "gasPrice": "0x5d21dba00",
  "gasUsed": 94782,
  "input": "0x5b6156d053503030303030303030303030303032000000000000000000000000000000000000000000000000000000000000000000000000000000000000000000000001",
  "logsBloom": "0x08000008100000000000000000000000000000000008000002000000080000000000000000000000000000000000000000000000000000000000000000200002000000000000000000000008000000000000000000000000000000000000000000000000000000000000000000000000000000000000000000000010000000000000000000000000000000000000000000000000000000000000000000000000020080000000200000000000000000000000000000000000000000000010002000000002000000400000000000000000000000000000000000000000000000000010000000000000000080010000000000000800000000000000000000000000",
  "nonce": "0x4ea",
  "senderTxHash": "0x47d910bc57acec847fa68b2c1f5520f9f05d6699d8d20f29dd608574e2020592",
  "signatures": [
    {
      "V": "0x7f6",
      "R": "0x10cdad31385b2fa302c09414d502ed09c54e0845ac6c6899d88bba607df06f73",
      "S": "0x74b03b02365d25ede2f83e91e934838b57c723c249e69d3ee297947de19491ad"
    }
  ],
  "status": true,
  "to": "0x590061696601268f4784822f546a8cdb5388b7a8",
  "transactionHash": "0x47d910bc57acec847fa68b2c1f5520f9f05d6699d8d20f29dd608574e2020592",
  "transactionIndex": 0,
  "type": "TxTypeSmartContractExecution",
  "typeInt": 48,
  "value": "0x0",
  "events": {
    "0": {
      "address": "0x0e6984E470BcC67c9C008F921DCb44a7B252f298",
      "blockNumber": 26068600,
      "transactionHash": "0x47d910bc57acec847fa68b2c1f5520f9f05d6699d8d20f29dd608574e2020592",
      "transactionIndex": 0,
      "blockHash": "0xeb8610dbb5048f55a1c7e062cf370280de60ad356acaf76a1277d9f30b6bfd99",
      "logIndex": 0,
      "id": "log_9b117fad",
      "returnValues": {},
      "signature": null,
      "raw": {
        "data": "0x0000000000000000000000000000000000000000000000000000000000000001",
        "topics": [
          "0xddf252ad1be2c89b69c2b068fc378daa952ba7f163c4a11628f55a4df523b3ef",
          "0x0000000000000000000000005399850ab7bfe194fa1594f8051329ccc8acfd56",
          "0x000000000000000000000000590061696601268f4784822f546a8cdb5388b7a8"
        ]
      }
    },
    "1": {
      "address": "0x0e6984E470BcC67c9C008F921DCb44a7B252f298",
      "blockNumber": 26068600,
      "transactionHash": "0x47d910bc57acec847fa68b2c1f5520f9f05d6699d8d20f29dd608574e2020592",
      "transactionIndex": 0,
      "blockHash": "0xeb8610dbb5048f55a1c7e062cf370280de60ad356acaf76a1277d9f30b6bfd99",
      "logIndex": 1,
      "id": "log_95fdfa8d",
      "returnValues": {},
      "signature": null,
      "raw": {
        "data": "0xfffffffffffffffffffffffffffffffffffffffffffffffff21f494c589bfffc",
        "topics": [
          "0x8c5be1e5ebec7d5bd14f71427d1e84f3dd0314c0f7b2291e5b200ac8c7c3b925",
          "0x0000000000000000000000005399850ab7bfe194fa1594f8051329ccc8acfd56",
          "0x000000000000000000000000590061696601268f4784822f546a8cdb5388b7a8"
        ]
      }
    },
    "Stake": {
      "address": "0x590061696601268f4784822F546A8CdB5388b7a8",
      "blockNumber": 26068600,
      "transactionHash": "0x47d910bc57acec847fa68b2c1f5520f9f05d6699d8d20f29dd608574e2020592",
      "transactionIndex": 0,
      "blockHash": "0xeb8610dbb5048f55a1c7e062cf370280de60ad356acaf76a1277d9f30b6bfd99",
      "logIndex": 2,
      "id": "log_c662bb5f",
      "returnValues": {
        "0": "0x5350303030303030303030303030303200000000000000000000000000000000",
        "1": "0x5399850AB7BFE194FA1594F8051329CcC8aCfd56",
        "2": "1",
        "boxId": "0x5350303030303030303030303030303200000000000000000000000000000000",
        "staker": "0x5399850AB7BFE194FA1594F8051329CcC8aCfd56",
        "amount": "1"
      },
      "event": "Stake",
      "signature": "0x01b9b905b7a6ba28c62c1fe629bb4fe2f04219479f94ea8243fd031074b0f137",
      "raw": {
        "data": "0x53503030303030303030303030303032000000000000000000000000000000000000000000000000000000005399850ab7bfe194fa1594f8051329ccc8acfd560000000000000000000000000000000000000000000000000000000000000001",
        "topics": [
          "0x01b9b905b7a6ba28c62c1fe629bb4fe2f04219479f94ea8243fd031074b0f137"
        ]
      }
    }
  }
}
2020-04-23T14:19:52 - stakeTo
{
  "blockHash": "0x42276fb3275fc3d14a91724585cddbfc22c5c6a50bd2c2711ae93792a594adf3",
  "blockNumber": 26068819,
  "contractAddress": null,
  "from": "0x5399850ab7bfe194fa1594f8051329ccc8acfd56",
  "gas": "0x7a1200",
  "gasPrice": "0x5d21dba00",
  "gasUsed": 64782,
  "input": "0x5b6156d053503030303030303030303030303031000000000000000000000000000000000000000000000000000000000000000000000000000000000de0b6b3a7640000",
  "logsBloom": "0x08000008100000000000000000000000000000000008000002000000080000000000000000000000000000000000000000000000000000000000000000200002000000000000000000000008000000000000000000000000000000000000000000000000000000000000000000000000000000000000000000000010000000000000000000000000000000000000000000000000000000000000000000000000020080000000200000000000000000000000000000000000000000000010002000000002000000400000000000000000000000000000000000000000000000000010000000000000000080010000000000000800000000000000000000000000",
  "nonce": "0x4ec",
  "senderTxHash": "0xc0b8c7f6ac94098baa515556ab3a92a50a7de7df1ec69ff6eefd8ca89e9bef10",
  "signatures": [
    {
      "V": "0x7f6",
      "R": "0x7b0361dec8bb4d123db9fefcdf1ef153625e2245ab17fd4823676add1f14c7bc",
      "S": "0x18f0f30da592123583ca557d494529c2acb922c4344d24d52d2263bbcbf1cec6"
    }
  ],
  "status": true,
  "to": "0x590061696601268f4784822f546a8cdb5388b7a8",
  "transactionHash": "0xc0b8c7f6ac94098baa515556ab3a92a50a7de7df1ec69ff6eefd8ca89e9bef10",
  "transactionIndex": 0,
  "type": "TxTypeSmartContractExecution",
  "typeInt": 48,
  "value": "0x0",
  "events": {
    "0": {
      "address": "0x0e6984E470BcC67c9C008F921DCb44a7B252f298",
      "blockNumber": 26068819,
      "transactionHash": "0xc0b8c7f6ac94098baa515556ab3a92a50a7de7df1ec69ff6eefd8ca89e9bef10",
      "transactionIndex": 0,
      "blockHash": "0x42276fb3275fc3d14a91724585cddbfc22c5c6a50bd2c2711ae93792a594adf3",
      "logIndex": 0,
      "id": "log_e4bd97c3",
      "returnValues": {},
      "signature": null,
      "raw": {
        "data": "0x0000000000000000000000000000000000000000000000000de0b6b3a7640000",
        "topics": [
          "0xddf252ad1be2c89b69c2b068fc378daa952ba7f163c4a11628f55a4df523b3ef",
          "0x0000000000000000000000005399850ab7bfe194fa1594f8051329ccc8acfd56",
          "0x000000000000000000000000590061696601268f4784822f546a8cdb5388b7a8"
        ]
      }
    },
    "1": {
      "address": "0x0e6984E470BcC67c9C008F921DCb44a7B252f298",
      "blockNumber": 26068819,
      "transactionHash": "0xc0b8c7f6ac94098baa515556ab3a92a50a7de7df1ec69ff6eefd8ca89e9bef10",
      "transactionIndex": 0,
      "blockHash": "0x42276fb3275fc3d14a91724585cddbfc22c5c6a50bd2c2711ae93792a594adf3",
      "logIndex": 1,
      "id": "log_db02bf44",
      "returnValues": {},
      "signature": null,
      "raw": {
        "data": "0x0000000000000000000000000000000000000000204fce5e30444bad689c0000",
        "topics": [
          "0x8c5be1e5ebec7d5bd14f71427d1e84f3dd0314c0f7b2291e5b200ac8c7c3b925",
          "0x0000000000000000000000005399850ab7bfe194fa1594f8051329ccc8acfd56",
          "0x000000000000000000000000590061696601268f4784822f546a8cdb5388b7a8"
        ]
      }
    },
    "Stake": {
      "address": "0x590061696601268f4784822F546A8CdB5388b7a8",
      "blockNumber": 26068819,
      "transactionHash": "0xc0b8c7f6ac94098baa515556ab3a92a50a7de7df1ec69ff6eefd8ca89e9bef10",
      "transactionIndex": 0,
      "blockHash": "0x42276fb3275fc3d14a91724585cddbfc22c5c6a50bd2c2711ae93792a594adf3",
      "logIndex": 2,
      "id": "log_7a54f43a",
      "returnValues": {
        "0": "0x5350303030303030303030303030303100000000000000000000000000000000",
        "1": "0x5399850AB7BFE194FA1594F8051329CcC8aCfd56",
        "2": "1000000000000000000",
        "boxId": "0x5350303030303030303030303030303100000000000000000000000000000000",
        "staker": "0x5399850AB7BFE194FA1594F8051329CcC8aCfd56",
        "amount": "1000000000000000000"
      },
      "event": "Stake",
      "signature": "0x01b9b905b7a6ba28c62c1fe629bb4fe2f04219479f94ea8243fd031074b0f137",
      "raw": {
        "data": "0x53503030303030303030303030303031000000000000000000000000000000000000000000000000000000005399850ab7bfe194fa1594f8051329ccc8acfd560000000000000000000000000000000000000000000000000de0b6b3a7640000",
        "topics": [
          "0x01b9b905b7a6ba28c62c1fe629bb4fe2f04219479f94ea8243fd031074b0f137"
        ]
      }
    }
  }
}
2020-04-23T14:19:55 - stakeTo
{
  "blockHash": "0x71085d742d775cf552046d07d91327283b3e09587083cb2159bfeb86da740440",
  "blockNumber": 26068822,
  "contractAddress": null,
  "from": "0x02c3d28f9d2618f03f8a499774ac28332471ae6a",
  "gas": "0x7a1200",
  "gasPrice": "0x5d21dba00",
  "gasUsed": 79782,
  "input": "0x5b6156d053503030303030303030303030303031000000000000000000000000000000000000000000000000000000000000000000000000000000001bc16d674ec80000",
  "logsBloom": "0x08000000100000000000000000000000000000000008000002000000080000000000000000000000000000000000000000000000000000000000000000200000000000000000000000000008000000100000000000000000000000000000000000000000000000000000000000000000000000000000000000000010000000000000000000000000000000000001000000000000000000000000000000000000020080000000200000000000000000000000000000000000000000000010002000000002000000400000000000000000000000000000000000000000000000000010000000000000000080000000000400000800000000000000000000000000",
  "nonce": "0x3d",
  "senderTxHash": "0x12c310f5e147fd03bb4f6a7483d16157956eb39cb4376307a393670fa9eeb92f",
  "signatures": [
    {
      "V": "0x7f6",
      "R": "0xdecfe51c82120cbb0c023cf559440f52b1cdb9ace2bffb4855e4f6e8d618c060",
      "S": "0xfefb1273bc549af0835905b563270bacce7494af8c4da4b40ffea547af74601"
    }
  ],
  "status": true,
  "to": "0x590061696601268f4784822f546a8cdb5388b7a8",
  "transactionHash": "0x12c310f5e147fd03bb4f6a7483d16157956eb39cb4376307a393670fa9eeb92f",
  "transactionIndex": 0,
  "type": "TxTypeSmartContractExecution",
  "typeInt": 48,
  "value": "0x0",
  "events": {
    "0": {
      "address": "0x0e6984E470BcC67c9C008F921DCb44a7B252f298",
      "blockNumber": 26068822,
      "transactionHash": "0x12c310f5e147fd03bb4f6a7483d16157956eb39cb4376307a393670fa9eeb92f",
      "transactionIndex": 0,
      "blockHash": "0x71085d742d775cf552046d07d91327283b3e09587083cb2159bfeb86da740440",
      "logIndex": 0,
      "id": "log_eb3bf1f8",
      "returnValues": {},
      "signature": null,
      "raw": {
        "data": "0x0000000000000000000000000000000000000000000000001bc16d674ec80000",
        "topics": [
          "0xddf252ad1be2c89b69c2b068fc378daa952ba7f163c4a11628f55a4df523b3ef",
          "0x00000000000000000000000002c3d28f9d2618f03f8a499774ac28332471ae6a",
          "0x000000000000000000000000590061696601268f4784822f546a8cdb5388b7a8"
        ]
      }
    },
    "1": {
      "address": "0x0e6984E470BcC67c9C008F921DCb44a7B252f298",
      "blockNumber": 26068822,
      "transactionHash": "0x12c310f5e147fd03bb4f6a7483d16157956eb39cb4376307a393670fa9eeb92f",
      "transactionIndex": 0,
      "blockHash": "0x71085d742d775cf552046d07d91327283b3e09587083cb2159bfeb86da740440",
      "logIndex": 1,
      "id": "log_bb03705d",
      "returnValues": {},
      "signature": null,
      "raw": {
        "data": "0x0000000000000000000000000000000000000000204fce5e226394f9c1380000",
        "topics": [
          "0x8c5be1e5ebec7d5bd14f71427d1e84f3dd0314c0f7b2291e5b200ac8c7c3b925",
          "0x00000000000000000000000002c3d28f9d2618f03f8a499774ac28332471ae6a",
          "0x000000000000000000000000590061696601268f4784822f546a8cdb5388b7a8"
        ]
      }
    },
    "Stake": {
      "address": "0x590061696601268f4784822F546A8CdB5388b7a8",
      "blockNumber": 26068822,
      "transactionHash": "0x12c310f5e147fd03bb4f6a7483d16157956eb39cb4376307a393670fa9eeb92f",
      "transactionIndex": 0,
      "blockHash": "0x71085d742d775cf552046d07d91327283b3e09587083cb2159bfeb86da740440",
      "logIndex": 2,
      "id": "log_9981b93f",
      "returnValues": {
        "0": "0x5350303030303030303030303030303100000000000000000000000000000000",
        "1": "0x02C3d28F9d2618f03F8A499774aC28332471AE6a",
        "2": "2000000000000000000",
        "boxId": "0x5350303030303030303030303030303100000000000000000000000000000000",
        "staker": "0x02C3d28F9d2618f03F8A499774aC28332471AE6a",
        "amount": "2000000000000000000"
      },
      "event": "Stake",
      "signature": "0x01b9b905b7a6ba28c62c1fe629bb4fe2f04219479f94ea8243fd031074b0f137",
      "raw": {
        "data": "0x535030303030303030303030303030310000000000000000000000000000000000000000000000000000000002c3d28f9d2618f03f8a499774ac28332471ae6a0000000000000000000000000000000000000000000000001bc16d674ec80000",
        "topics": [
          "0x01b9b905b7a6ba28c62c1fe629bb4fe2f04219479f94ea8243fd031074b0f137"
        ]
      }
    }
  }
}
2020-04-23T14:19:58 - stakeTo
{
  "blockHash": "0xfd4281f3b6e37e04e56d95b8b3394ebd1b0e5f01afeca3c4366ef32ca0bdb439",
  "blockNumber": 26068825,
  "contractAddress": null,
  "from": "0x5ba199b049453802cd3ddaaf45781c8ab31df5e2",
  "gas": "0x7a1200",
  "gasPrice": "0x5d21dba00",
  "gasUsed": 79782,
  "input": "0x5b6156d0535030303030303030303030303030310000000000000000000000000000000000000000000000000000000000000000000000000000000029a2241af62c0000",
  "logsBloom": "0x08000000100000000000000000040000000000000008000002000000080000000000000000000000000000000000000000000000100000000000000000200000000000000000000000000008000000000000000000000000000000000000000000000000000000000000000000000000000000000000000000000010000000000000000000000000000000000000000000000000000000100000000000000000020080000000200000000000000000000000000000000000000000000010002000000002000000400000000000000000000000000000000000000000000000000010000000000000000080000000000000000800000000000000000000000000",
  "nonce": "0x26",
  "senderTxHash": "0xa612ac687a157f9bde969576166ae92df317176651e677486b82aea8e1ed7e3f",
  "signatures": [
    {
      "V": "0x7f6",
      "R": "0x700feafea044e6051cd99a60a4b3e5143fbefd80c6efe2cb50d18e030824c127",
      "S": "0xac26a08a478733d5f66e77648002e1dd54cc0bd2894fadb2e56a805942bfa11"
    }
  ],
  "status": true,
  "to": "0x590061696601268f4784822f546a8cdb5388b7a8",
  "transactionHash": "0xa612ac687a157f9bde969576166ae92df317176651e677486b82aea8e1ed7e3f",
  "transactionIndex": 0,
  "type": "TxTypeSmartContractExecution",
  "typeInt": 48,
  "value": "0x0",
  "events": {
    "0": {
      "address": "0x0e6984E470BcC67c9C008F921DCb44a7B252f298",
      "blockNumber": 26068825,
      "transactionHash": "0xa612ac687a157f9bde969576166ae92df317176651e677486b82aea8e1ed7e3f",
      "transactionIndex": 0,
      "blockHash": "0xfd4281f3b6e37e04e56d95b8b3394ebd1b0e5f01afeca3c4366ef32ca0bdb439",
      "logIndex": 0,
      "id": "log_303278eb",
      "returnValues": {},
      "signature": null,
      "raw": {
        "data": "0x00000000000000000000000000000000000000000000000029a2241af62c0000",
        "topics": [
          "0xddf252ad1be2c89b69c2b068fc378daa952ba7f163c4a11628f55a4df523b3ef",
          "0x0000000000000000000000005ba199b049453802cd3ddaaf45781c8ab31df5e2",
          "0x000000000000000000000000590061696601268f4784822f546a8cdb5388b7a8"
        ]
      }
    },
    "1": {
      "address": "0x0e6984E470BcC67c9C008F921DCb44a7B252f298",
      "blockNumber": 26068825,
      "transactionHash": "0xa612ac687a157f9bde969576166ae92df317176651e677486b82aea8e1ed7e3f",
      "transactionIndex": 0,
      "blockHash": "0xfd4281f3b6e37e04e56d95b8b3394ebd1b0e5f01afeca3c4366ef32ca0bdb439",
      "logIndex": 1,
      "id": "log_9bd1992d",
      "returnValues": {},
      "signature": null,
      "raw": {
        "data": "0x0000000000000000000000000000000000000000204fce5e1482de4619d40000",
        "topics": [
          "0x8c5be1e5ebec7d5bd14f71427d1e84f3dd0314c0f7b2291e5b200ac8c7c3b925",
          "0x0000000000000000000000005ba199b049453802cd3ddaaf45781c8ab31df5e2",
          "0x000000000000000000000000590061696601268f4784822f546a8cdb5388b7a8"
        ]
      }
    },
    "Stake": {
      "address": "0x590061696601268f4784822F546A8CdB5388b7a8",
      "blockNumber": 26068825,
      "transactionHash": "0xa612ac687a157f9bde969576166ae92df317176651e677486b82aea8e1ed7e3f",
      "transactionIndex": 0,
      "blockHash": "0xfd4281f3b6e37e04e56d95b8b3394ebd1b0e5f01afeca3c4366ef32ca0bdb439",
      "logIndex": 2,
      "id": "log_e9e36a81",
      "returnValues": {
        "0": "0x5350303030303030303030303030303100000000000000000000000000000000",
        "1": "0x5ba199b049453802cD3dDaAf45781C8Ab31dF5e2",
        "2": "3000000000000000000",
        "boxId": "0x5350303030303030303030303030303100000000000000000000000000000000",
        "staker": "0x5ba199b049453802cD3dDaAf45781C8Ab31dF5e2",
        "amount": "3000000000000000000"
      },
      "event": "Stake",
      "signature": "0x01b9b905b7a6ba28c62c1fe629bb4fe2f04219479f94ea8243fd031074b0f137",
      "raw": {
        "data": "0x53503030303030303030303030303031000000000000000000000000000000000000000000000000000000005ba199b049453802cd3ddaaf45781c8ab31df5e200000000000000000000000000000000000000000000000029a2241af62c0000",
        "topics": [
          "0x01b9b905b7a6ba28c62c1fe629bb4fe2f04219479f94ea8243fd031074b0f137"
        ]
      }
    }
  }
}
2020-04-23T14:20:01 - stakeTo
{
  "blockHash": "0x611859400f7e252e3b79efef9c58327d276c51d92e1da3823458a741926ba76a",
  "blockNumber": 26068828,
  "contractAddress": null,
  "from": "0x5399850ab7bfe194fa1594f8051329ccc8acfd56",
  "gas": "0x7a1200",
  "gasPrice": "0x5d21dba00",
  "gasUsed": 64782,
  "input": "0x5b6156d053503030303030303030303030303032000000000000000000000000000000000000000000000000000000000000000000000000000000000de0b6b3a7640000",
  "logsBloom": "0x08000008100000000000000000000000000000000008000002000000080000000000000000000000000000000000000000000000000000000000000000200002000000000000000000000008000000000000000000000000000000000000000000000000000000000000000000000000000000000000000000000010000000000000000000000000000000000000000000000000000000000000000000000000020080000000200000000000000000000000000000000000000000000010002000000002000000400000000000000000000000000000000000000000000000000010000000000000000080010000000000000800000000000000000000000000",
  "nonce": "0x4ed",
  "senderTxHash": "0xe223e511e8b022209134f11bed8482da5b6307afee9e4c3a89accdd238d091fe",
  "signatures": [
    {
      "V": "0x7f6",
      "R": "0xe01c8a5fb2fcd172d74451cc82c78f2c4ec562457ce952dd9e38324f3931522d",
      "S": "0x4ae28f30ee1fe5f434afad4cbe31de94892328cabfdb61b32d1d5312b3f523"
    }
  ],
  "status": true,
  "to": "0x590061696601268f4784822f546a8cdb5388b7a8",
  "transactionHash": "0xe223e511e8b022209134f11bed8482da5b6307afee9e4c3a89accdd238d091fe",
  "transactionIndex": 0,
  "type": "TxTypeSmartContractExecution",
  "typeInt": 48,
  "value": "0x0",
  "events": {
    "0": {
      "address": "0x0e6984E470BcC67c9C008F921DCb44a7B252f298",
      "blockNumber": 26068828,
      "transactionHash": "0xe223e511e8b022209134f11bed8482da5b6307afee9e4c3a89accdd238d091fe",
      "transactionIndex": 0,
      "blockHash": "0x611859400f7e252e3b79efef9c58327d276c51d92e1da3823458a741926ba76a",
      "logIndex": 0,
      "id": "log_54208dca",
      "returnValues": {},
      "signature": null,
      "raw": {
        "data": "0x0000000000000000000000000000000000000000000000000de0b6b3a7640000",
        "topics": [
          "0xddf252ad1be2c89b69c2b068fc378daa952ba7f163c4a11628f55a4df523b3ef",
          "0x0000000000000000000000005399850ab7bfe194fa1594f8051329ccc8acfd56",
          "0x000000000000000000000000590061696601268f4784822f546a8cdb5388b7a8"
        ]
      }
    },
    "1": {
      "address": "0x0e6984E470BcC67c9C008F921DCb44a7B252f298",
      "blockNumber": 26068828,
      "transactionHash": "0xe223e511e8b022209134f11bed8482da5b6307afee9e4c3a89accdd238d091fe",
      "transactionIndex": 0,
      "blockHash": "0x611859400f7e252e3b79efef9c58327d276c51d92e1da3823458a741926ba76a",
      "logIndex": 1,
      "id": "log_160def57",
      "returnValues": {},
      "signature": null,
      "raw": {
        "data": "0x0000000000000000000000000000000000000000204fce5e226394f9c1380000",
        "topics": [
          "0x8c5be1e5ebec7d5bd14f71427d1e84f3dd0314c0f7b2291e5b200ac8c7c3b925",
          "0x0000000000000000000000005399850ab7bfe194fa1594f8051329ccc8acfd56",
          "0x000000000000000000000000590061696601268f4784822f546a8cdb5388b7a8"
        ]
      }
    },
    "Stake": {
      "address": "0x590061696601268f4784822F546A8CdB5388b7a8",
      "blockNumber": 26068828,
      "transactionHash": "0xe223e511e8b022209134f11bed8482da5b6307afee9e4c3a89accdd238d091fe",
      "transactionIndex": 0,
      "blockHash": "0x611859400f7e252e3b79efef9c58327d276c51d92e1da3823458a741926ba76a",
      "logIndex": 2,
      "id": "log_cf427b60",
      "returnValues": {
        "0": "0x5350303030303030303030303030303200000000000000000000000000000000",
        "1": "0x5399850AB7BFE194FA1594F8051329CcC8aCfd56",
        "2": "1000000000000000000",
        "boxId": "0x5350303030303030303030303030303200000000000000000000000000000000",
        "staker": "0x5399850AB7BFE194FA1594F8051329CcC8aCfd56",
        "amount": "1000000000000000000"
      },
      "event": "Stake",
      "signature": "0x01b9b905b7a6ba28c62c1fe629bb4fe2f04219479f94ea8243fd031074b0f137",
      "raw": {
        "data": "0x53503030303030303030303030303032000000000000000000000000000000000000000000000000000000005399850ab7bfe194fa1594f8051329ccc8acfd560000000000000000000000000000000000000000000000000de0b6b3a7640000",
        "topics": [
          "0x01b9b905b7a6ba28c62c1fe629bb4fe2f04219479f94ea8243fd031074b0f137"
        ]
      }
    }
  }
}
2020-04-23T14:20:04 - stakeTo
{
  "blockHash": "0x80650f85ecd6902a68750fe34386a4ce941108ea831a7df2b67e2f79dab26241",
  "blockNumber": 26068831,
  "contractAddress": null,
  "from": "0x02c3d28f9d2618f03f8a499774ac28332471ae6a",
  "gas": "0x7a1200",
  "gasPrice": "0x5d21dba00",
  "gasUsed": 79782,
  "input": "0x5b6156d053503030303030303030303030303032000000000000000000000000000000000000000000000000000000000000000000000000000000001bc16d674ec80000",
  "logsBloom": "0x08000000100000000000000000000000000000000008000002000000080000000000000000000000000000000000000000000000000000000000000000200000000000000000000000000008000000100000000000000000000000000000000000000000000000000000000000000000000000000000000000000010000000000000000000000000000000000001000000000000000000000000000000000000020080000000200000000000000000000000000000000000000000000010002000000002000000400000000000000000000000000000000000000000000000000010000000000000000080000000000400000800000000000000000000000000",
  "nonce": "0x3e",
  "senderTxHash": "0xdb68a814e0c56a7c232919d6e65cce4f444a14b9b4e01236e8c3a8b1a62c8219",
  "signatures": [
    {
      "V": "0x7f6",
      "R": "0xae74b5081b7a6b95479134b5145613c04de220da0cfda3a42c38ff69a075ae25",
      "S": "0x7ed38d35b510f3dcf9de1f40b23b968b50dee0fba7ef69ddd92d83c8bd4a3fa8"
    }
  ],
  "status": true,
  "to": "0x590061696601268f4784822f546a8cdb5388b7a8",
  "transactionHash": "0xdb68a814e0c56a7c232919d6e65cce4f444a14b9b4e01236e8c3a8b1a62c8219",
  "transactionIndex": 0,
  "type": "TxTypeSmartContractExecution",
  "typeInt": 48,
  "value": "0x0",
  "events": {
    "0": {
      "address": "0x0e6984E470BcC67c9C008F921DCb44a7B252f298",
      "blockNumber": 26068831,
      "transactionHash": "0xdb68a814e0c56a7c232919d6e65cce4f444a14b9b4e01236e8c3a8b1a62c8219",
      "transactionIndex": 0,
      "blockHash": "0x80650f85ecd6902a68750fe34386a4ce941108ea831a7df2b67e2f79dab26241",
      "logIndex": 0,
      "id": "log_9ad57b63",
      "returnValues": {},
      "signature": null,
      "raw": {
        "data": "0x0000000000000000000000000000000000000000000000001bc16d674ec80000",
        "topics": [
          "0xddf252ad1be2c89b69c2b068fc378daa952ba7f163c4a11628f55a4df523b3ef",
          "0x00000000000000000000000002c3d28f9d2618f03f8a499774ac28332471ae6a",
          "0x000000000000000000000000590061696601268f4784822f546a8cdb5388b7a8"
        ]
      }
    },
    "1": {
      "address": "0x0e6984E470BcC67c9C008F921DCb44a7B252f298",
      "blockNumber": 26068831,
      "transactionHash": "0xdb68a814e0c56a7c232919d6e65cce4f444a14b9b4e01236e8c3a8b1a62c8219",
      "transactionIndex": 0,
      "blockHash": "0x80650f85ecd6902a68750fe34386a4ce941108ea831a7df2b67e2f79dab26241",
      "logIndex": 1,
      "id": "log_3bbd8b4b",
      "returnValues": {},
      "signature": null,
      "raw": {
        "data": "0x0000000000000000000000000000000000000000204fce5e06a2279272700000",
        "topics": [
          "0x8c5be1e5ebec7d5bd14f71427d1e84f3dd0314c0f7b2291e5b200ac8c7c3b925",
          "0x00000000000000000000000002c3d28f9d2618f03f8a499774ac28332471ae6a",
          "0x000000000000000000000000590061696601268f4784822f546a8cdb5388b7a8"
        ]
      }
    },
    "Stake": {
      "address": "0x590061696601268f4784822F546A8CdB5388b7a8",
      "blockNumber": 26068831,
      "transactionHash": "0xdb68a814e0c56a7c232919d6e65cce4f444a14b9b4e01236e8c3a8b1a62c8219",
      "transactionIndex": 0,
      "blockHash": "0x80650f85ecd6902a68750fe34386a4ce941108ea831a7df2b67e2f79dab26241",
      "logIndex": 2,
      "id": "log_05bc017c",
      "returnValues": {
        "0": "0x5350303030303030303030303030303200000000000000000000000000000000",
        "1": "0x02C3d28F9d2618f03F8A499774aC28332471AE6a",
        "2": "2000000000000000000",
        "boxId": "0x5350303030303030303030303030303200000000000000000000000000000000",
        "staker": "0x02C3d28F9d2618f03F8A499774aC28332471AE6a",
        "amount": "2000000000000000000"
      },
      "event": "Stake",
      "signature": "0x01b9b905b7a6ba28c62c1fe629bb4fe2f04219479f94ea8243fd031074b0f137",
      "raw": {
        "data": "0x535030303030303030303030303030320000000000000000000000000000000000000000000000000000000002c3d28f9d2618f03f8a499774ac28332471ae6a0000000000000000000000000000000000000000000000001bc16d674ec80000",
        "topics": [
          "0x01b9b905b7a6ba28c62c1fe629bb4fe2f04219479f94ea8243fd031074b0f137"
        ]
      }
    }
  }
}
2020-04-23T14:20:31 - stakeAmount
"1000000000000000001"
2020-04-23T14:20:32 - stakeAmount
"0"
2020-04-23T14:20:32 - stakeAmount
"0"
2020-04-23T14:20:33 - stakeAmount
"1000000000000000001"
2020-04-23T14:20:34 - stakeAmount
"2000000000000000000"
2020-04-23T14:20:34 - stakeAmount
"3000000000000000000"
2020-04-23T14:20:35 - stakeAmount
"1000000000000000001"
2020-04-23T14:20:36 - stakeAmount
"2000000000000000000"
2020-04-23T14:20:36 - stakeAmount
"3000000000000000000"
2020-04-23T14:21:41 - stakeTo
{
  "blockHash": "0x8d4ddbf836f89396aac2ad4de3dca4b60bdd2a236ed60c7408e1bcc687240ab6",
  "blockNumber": 26068928,
  "contractAddress": null,
  "from": "0x5399850ab7bfe194fa1594f8051329ccc8acfd56",
  "gas": "0x7a1200",
  "gasPrice": "0x5d21dba00",
  "gasUsed": 64782,
  "input": "0x5b6156d053503030303030303030303030303031000000000000000000000000000000000000000000000000000000000000000000000000000000000de0b6b3a7640000",
  "logsBloom": "0x08000008100000000000000000000000000000000008000002000000080000000000000000000000000000000000000000000000000000000000000000200002000000000000000000000008000000000000000000000000000000000000000000000000000000000000000000000000000000000000000000000010000000000000000000000000000000000000000000000000000000000000000000000000020080000000200000000000000000000000000000000000000000000010002000000002000000400000000000000000000000000000000000000000000000000010000000000000000080010000000000000800000000000000000000000000",
  "nonce": "0x4ef",
  "senderTxHash": "0xabd64cedc3fb6ea649dd475b86d4b5a714a4fb868f619c6b85f5a943ef2f1c5a",
  "signatures": [
    {
      "V": "0x7f5",
      "R": "0x3ba91e03a2f590a7511ceaa7c29122709f48b5b2311b512a7fe040f522b3c207",
      "S": "0x7a9035a82a87eda17f94db9422b570faadf814b56f325e1d10013f03a93eacd"
    }
  ],
  "status": true,
  "to": "0x590061696601268f4784822f546a8cdb5388b7a8",
  "transactionHash": "0xabd64cedc3fb6ea649dd475b86d4b5a714a4fb868f619c6b85f5a943ef2f1c5a",
  "transactionIndex": 0,
  "type": "TxTypeSmartContractExecution",
  "typeInt": 48,
  "value": "0x0",
  "events": {
    "0": {
      "address": "0x0e6984E470BcC67c9C008F921DCb44a7B252f298",
      "blockNumber": 26068928,
      "transactionHash": "0xabd64cedc3fb6ea649dd475b86d4b5a714a4fb868f619c6b85f5a943ef2f1c5a",
      "transactionIndex": 0,
      "blockHash": "0x8d4ddbf836f89396aac2ad4de3dca4b60bdd2a236ed60c7408e1bcc687240ab6",
      "logIndex": 0,
      "id": "log_6afb0fd8",
      "returnValues": {},
      "signature": null,
      "raw": {
        "data": "0x0000000000000000000000000000000000000000000000000de0b6b3a7640000",
        "topics": [
          "0xddf252ad1be2c89b69c2b068fc378daa952ba7f163c4a11628f55a4df523b3ef",
          "0x0000000000000000000000005399850ab7bfe194fa1594f8051329ccc8acfd56",
          "0x000000000000000000000000590061696601268f4784822f546a8cdb5388b7a8"
        ]
      }
    },
    "1": {
      "address": "0x0e6984E470BcC67c9C008F921DCb44a7B252f298",
      "blockNumber": 26068928,
      "transactionHash": "0xabd64cedc3fb6ea649dd475b86d4b5a714a4fb868f619c6b85f5a943ef2f1c5a",
      "transactionIndex": 0,
      "blockHash": "0x8d4ddbf836f89396aac2ad4de3dca4b60bdd2a236ed60c7408e1bcc687240ab6",
      "logIndex": 1,
      "id": "log_996c312e",
      "returnValues": {},
      "signature": null,
      "raw": {
        "data": "0x0000000000000000000000000000000000000000204fce5e30444bad689c0000",
        "topics": [
          "0x8c5be1e5ebec7d5bd14f71427d1e84f3dd0314c0f7b2291e5b200ac8c7c3b925",
          "0x0000000000000000000000005399850ab7bfe194fa1594f8051329ccc8acfd56",
          "0x000000000000000000000000590061696601268f4784822f546a8cdb5388b7a8"
        ]
      }
    },
    "Stake": {
      "address": "0x590061696601268f4784822F546A8CdB5388b7a8",
      "blockNumber": 26068928,
      "transactionHash": "0xabd64cedc3fb6ea649dd475b86d4b5a714a4fb868f619c6b85f5a943ef2f1c5a",
      "transactionIndex": 0,
      "blockHash": "0x8d4ddbf836f89396aac2ad4de3dca4b60bdd2a236ed60c7408e1bcc687240ab6",
      "logIndex": 2,
      "id": "log_ad1dcee7",
      "returnValues": {
        "0": "0x5350303030303030303030303030303100000000000000000000000000000000",
        "1": "0x5399850AB7BFE194FA1594F8051329CcC8aCfd56",
        "2": "1000000000000000000",
        "boxId": "0x5350303030303030303030303030303100000000000000000000000000000000",
        "staker": "0x5399850AB7BFE194FA1594F8051329CcC8aCfd56",
        "amount": "1000000000000000000"
      },
      "event": "Stake",
      "signature": "0x01b9b905b7a6ba28c62c1fe629bb4fe2f04219479f94ea8243fd031074b0f137",
      "raw": {
        "data": "0x53503030303030303030303030303031000000000000000000000000000000000000000000000000000000005399850ab7bfe194fa1594f8051329ccc8acfd560000000000000000000000000000000000000000000000000de0b6b3a7640000",
        "topics": [
          "0x01b9b905b7a6ba28c62c1fe629bb4fe2f04219479f94ea8243fd031074b0f137"
        ]
      }
    }
  }
}
2020-04-23T14:21:52 - stake
{
  "blockHash": "0x2dc6c9fd4ae23553f9db590531f8188b7fdc44e656cf526dd5bf473f8c2c7ab7",
  "blockNumber": 26068939,
  "contractAddress": null,
  "from": "0x02c3d28f9d2618f03f8a499774ac28332471ae6a",
  "gas": "0x7a1200",
  "gasPrice": "0x5d21dba00",
  "gasUsed": 75312,
  "input": "0xa694fc3a0000000000000000000000000000000000000000000000001bc16d674ec80000",
  "logsBloom": "0x08000000100000000000000000000000000000000008000002000000080000000000000000000000000000000000000000000000000000000000000000200000000000000000000000000008000000100000000000000000000000000000000000000000000000000000000000000000000000000000000000000010000000000000000000000000000000000001000000000000000000000000000000000000020080000000200000000000000000000000000000000000000000000010002000000002000000400000000000000000000000000000000000000000000000000010000000000000000080000000000400000800000000000000000000000000",
  "nonce": "0x41",
  "senderTxHash": "0xed0036d2e0ab6ac321fd95ff755d0bc8b431af127b21a9475b4529dab47df104",
  "signatures": [
    {
      "V": "0x7f5",
      "R": "0x27ebff6dc6a49f8c783c3f8ec13f5438efde9142053129cbcdd4eed63831e5a0",
      "S": "0x6aba21a29db3af2d12dfd67217ced7cd6cc2035a4e0429bd292673d82a476303"
    }
  ],
  "status": true,
  "to": "0x590061696601268f4784822f546a8cdb5388b7a8",
  "transactionHash": "0xed0036d2e0ab6ac321fd95ff755d0bc8b431af127b21a9475b4529dab47df104",
  "transactionIndex": 0,
  "type": "TxTypeSmartContractExecution",
  "typeInt": 48,
  "value": "0x0",
  "events": {
    "0": {
      "address": "0x0e6984E470BcC67c9C008F921DCb44a7B252f298",
      "blockNumber": 26068939,
      "transactionHash": "0xed0036d2e0ab6ac321fd95ff755d0bc8b431af127b21a9475b4529dab47df104",
      "transactionIndex": 0,
      "blockHash": "0x2dc6c9fd4ae23553f9db590531f8188b7fdc44e656cf526dd5bf473f8c2c7ab7",
      "logIndex": 0,
      "id": "log_3bd8c340",
      "returnValues": {},
      "signature": null,
      "raw": {
        "data": "0x0000000000000000000000000000000000000000000000001bc16d674ec80000",
        "topics": [
          "0xddf252ad1be2c89b69c2b068fc378daa952ba7f163c4a11628f55a4df523b3ef",
          "0x00000000000000000000000002c3d28f9d2618f03f8a499774ac28332471ae6a",
          "0x000000000000000000000000590061696601268f4784822f546a8cdb5388b7a8"
        ]
      }
    },
    "1": {
      "address": "0x0e6984E470BcC67c9C008F921DCb44a7B252f298",
      "blockNumber": 26068939,
      "transactionHash": "0xed0036d2e0ab6ac321fd95ff755d0bc8b431af127b21a9475b4529dab47df104",
      "transactionIndex": 0,
      "blockHash": "0x2dc6c9fd4ae23553f9db590531f8188b7fdc44e656cf526dd5bf473f8c2c7ab7",
      "logIndex": 1,
      "id": "log_ecbbe520",
      "returnValues": {},
      "signature": null,
      "raw": {
        "data": "0x0000000000000000000000000000000000000000204fce5e226394f9c1380000",
        "topics": [
          "0x8c5be1e5ebec7d5bd14f71427d1e84f3dd0314c0f7b2291e5b200ac8c7c3b925",
          "0x00000000000000000000000002c3d28f9d2618f03f8a499774ac28332471ae6a",
          "0x000000000000000000000000590061696601268f4784822f546a8cdb5388b7a8"
        ]
      }
    },
    "Stake": {
      "address": "0x590061696601268f4784822F546A8CdB5388b7a8",
      "blockNumber": 26068939,
      "transactionHash": "0xed0036d2e0ab6ac321fd95ff755d0bc8b431af127b21a9475b4529dab47df104",
      "transactionIndex": 0,
      "blockHash": "0x2dc6c9fd4ae23553f9db590531f8188b7fdc44e656cf526dd5bf473f8c2c7ab7",
      "logIndex": 2,
      "id": "log_ed6defc0",
      "returnValues": {
        "0": "0x0000000000000000000000000000000000000000000000000000000000000000",
        "1": "0x02C3d28F9d2618f03F8A499774aC28332471AE6a",
        "2": "2000000000000000000",
        "boxId": "0x0000000000000000000000000000000000000000000000000000000000000000",
        "staker": "0x02C3d28F9d2618f03F8A499774aC28332471AE6a",
        "amount": "2000000000000000000"
      },
      "event": "Stake",
      "signature": "0x01b9b905b7a6ba28c62c1fe629bb4fe2f04219479f94ea8243fd031074b0f137",
      "raw": {
        "data": "0x000000000000000000000000000000000000000000000000000000000000000000000000000000000000000002c3d28f9d2618f03f8a499774ac28332471ae6a0000000000000000000000000000000000000000000000001bc16d674ec80000",
        "topics": [
          "0x01b9b905b7a6ba28c62c1fe629bb4fe2f04219479f94ea8243fd031074b0f137"
        ]
      }
    }
  }
}
2020-04-23T14:21:59 - stake
{
  "blockHash": "0xb823e99f856f9e2674ea314bcb99455b824ac12af3a01b07ff286dd98cf76c07",
  "blockNumber": 26068946,
  "contractAddress": null,
  "from": "0x5ba199b049453802cd3ddaaf45781c8ab31df5e2",
  "gas": "0x7a1200",
  "gasPrice": "0x5d21dba00",
  "gasUsed": 75312,
  "input": "0xa694fc3a00000000000000000000000000000000000000000000000029a2241af62c0000",
  "logsBloom": "0x08000000100000000000000000040000000000000008000002000000080000000000000000000000000000000000000000000000100000000000000000200000000000000000000000000008000000000000000000000000000000000000000000000000000000000000000000000000000000000000000000000010000000000000000000000000000000000000000000000000000000100000000000000000020080000000200000000000000000000000000000000000000000000010002000000002000000400000000000000000000000000000000000000000000000000010000000000000000080000000000000000800000000000000000000000000",
  "nonce": "0x29",
  "senderTxHash": "0x3ecdffe07670f5cb8ee0333ffcc621606e49be2d652bcd0033b58299829b8161",
  "signatures": [
    {
      "V": "0x7f5",
      "R": "0x83f4b28261666b4c5fda3118bc782c3364e12ef67810bb8b03bba0787f0f0d14",
      "S": "0x3edf62104876a002ebaa2147a49a9243bb168262f3eba759eb1ec1e89cb049b"
    }
  ],
  "status": true,
  "to": "0x590061696601268f4784822f546a8cdb5388b7a8",
  "transactionHash": "0x3ecdffe07670f5cb8ee0333ffcc621606e49be2d652bcd0033b58299829b8161",
  "transactionIndex": 0,
  "type": "TxTypeSmartContractExecution",
  "typeInt": 48,
  "value": "0x0",
  "events": {
    "0": {
      "address": "0x0e6984E470BcC67c9C008F921DCb44a7B252f298",
      "blockNumber": 26068946,
      "transactionHash": "0x3ecdffe07670f5cb8ee0333ffcc621606e49be2d652bcd0033b58299829b8161",
      "transactionIndex": 0,
      "blockHash": "0xb823e99f856f9e2674ea314bcb99455b824ac12af3a01b07ff286dd98cf76c07",
      "logIndex": 0,
      "id": "log_a6d7fe79",
      "returnValues": {},
      "signature": null,
      "raw": {
        "data": "0x00000000000000000000000000000000000000000000000029a2241af62c0000",
        "topics": [
          "0xddf252ad1be2c89b69c2b068fc378daa952ba7f163c4a11628f55a4df523b3ef",
          "0x0000000000000000000000005ba199b049453802cd3ddaaf45781c8ab31df5e2",
          "0x000000000000000000000000590061696601268f4784822f546a8cdb5388b7a8"
        ]
      }
    },
    "1": {
      "address": "0x0e6984E470BcC67c9C008F921DCb44a7B252f298",
      "blockNumber": 26068946,
      "transactionHash": "0x3ecdffe07670f5cb8ee0333ffcc621606e49be2d652bcd0033b58299829b8161",
      "transactionIndex": 0,
      "blockHash": "0xb823e99f856f9e2674ea314bcb99455b824ac12af3a01b07ff286dd98cf76c07",
      "logIndex": 1,
      "id": "log_d42a2253",
      "returnValues": {},
      "signature": null,
      "raw": {
        "data": "0x0000000000000000000000000000000000000000204fce5e1482de4619d40000",
        "topics": [
          "0x8c5be1e5ebec7d5bd14f71427d1e84f3dd0314c0f7b2291e5b200ac8c7c3b925",
          "0x0000000000000000000000005ba199b049453802cd3ddaaf45781c8ab31df5e2",
          "0x000000000000000000000000590061696601268f4784822f546a8cdb5388b7a8"
        ]
      }
    },
    "Stake": {
      "address": "0x590061696601268f4784822F546A8CdB5388b7a8",
      "blockNumber": 26068946,
      "transactionHash": "0x3ecdffe07670f5cb8ee0333ffcc621606e49be2d652bcd0033b58299829b8161",
      "transactionIndex": 0,
      "blockHash": "0xb823e99f856f9e2674ea314bcb99455b824ac12af3a01b07ff286dd98cf76c07",
      "logIndex": 2,
      "id": "log_7000ef62",
      "returnValues": {
        "0": "0x0000000000000000000000000000000000000000000000000000000000000000",
        "1": "0x5ba199b049453802cD3dDaAf45781C8Ab31dF5e2",
        "2": "3000000000000000000",
        "boxId": "0x0000000000000000000000000000000000000000000000000000000000000000",
        "staker": "0x5ba199b049453802cD3dDaAf45781C8Ab31dF5e2",
        "amount": "3000000000000000000"
      },
      "event": "Stake",
      "signature": "0x01b9b905b7a6ba28c62c1fe629bb4fe2f04219479f94ea8243fd031074b0f137",
      "raw": {
        "data": "0x00000000000000000000000000000000000000000000000000000000000000000000000000000000000000005ba199b049453802cd3ddaaf45781c8ab31df5e200000000000000000000000000000000000000000000000029a2241af62c0000",
        "topics": [
          "0x01b9b905b7a6ba28c62c1fe629bb4fe2f04219479f94ea8243fd031074b0f137"
        ]
      }
    }
  }
}
2020-04-23T14:22:03 - stakeAmount
"1000000000000000001"
2020-04-23T14:22:04 - stakeAmount
"2000000000000000000"
2020-04-23T14:22:04 - stakeAmount
"3000000000000000000"
2020-04-23T14:22:05 - stakeAmount
"2000000000000000001"
2020-04-23T14:22:06 - stakeAmount
"2000000000000000000"
2020-04-23T14:22:06 - stakeAmount
"3000000000000000000"
2020-04-23T14:22:07 - stakeAmount
"2000000000000000001"
2020-04-23T14:22:08 - stakeAmount
"2000000000000000000"
2020-04-23T14:22:08 - stakeAmount
"3000000000000000000"
2020-04-23T18:58:00 - balanceOf 0x9bc99330d596b15c37d35df5cfc3176f9affa66a
"10000000000000000000000000000"
2020-04-24T00:01:10 - balanceOf 0x0d5fb29442ccfbbafec8b8eef574a99378d4290f
"9999999997952873730080617984"
2020-04-24T00:02:00 - balanceOf 0x03bceffddb94e32c5a136870f31df3575d8c2941
"9999999996635249153387078656"
2020-04-24T00:05:27 - balanceOf 0x03bceffddb94e32c5a136870f31df3575d8c2941
"10000000002784163844623595520"
2020-04-24T14:51:13 - balanceOf 0x27e545916ccd53752852972030b947c8ecfb240a
"9999999997000000000000000000"
2020-04-24T14:52:35 - stakeAmount
"1000000000000000000"
2020-05-04T14:16:23 - balanceOf 0xa5d0c1de8125654f4e836204e26462e5a5efe44f
"10000000000000000000000000000"
2020-05-04T14:17:24 - stakeAmount
"0"
2020-05-04T14:17:34 - stakeAmount
"0"
2020-05-04T14:17:46 - stakeAmount
"0"
2020-05-04T14:18:00 - stakeAmount
"0"
2020-05-06T16:20:53 - balanceOf 0x5c0B92e008dB923a5DB1127FbEf24b67843d54c8
"10000000000000000000000000000"
2020-05-07T01:45:47 - stakeAmount
"0"
2020-05-07T01:46:53 - stakeAmount
"0"
2020-05-07T01:58:09 - stakeAmount
"0"
2020-05-07T01:58:21 - stakeAmount
"0"
2020-05-12T18:44:17 - balanceOf 0x44de4cccca68a35416ff6117ec6664f33d0eb34e
"10000000000000000000000000000"
2020-05-12T18:44:27 - balanceOf 0x997c584daae44f54a55203dee4a88c7d067a6acc
"10000000000000000000000000000"
2020-05-12T18:47:41 - stakeAmount
"1000000000000000000"
2020-05-12T18:47:51 - stakeAmount
"2000000000000000000"
2020-05-12T22:29:40 - balanceOf 0x9f8bc50174f594b64884e2bbf6f7735f293272be
"0"
2020-05-12T22:30:11 - balanceOf 0x9f8bc50174f594b64884e2bbf6f7735f293272be
"10000000000000000000000000000"
2020-05-12T22:32:26 - balanceOf 0x9f8bc50174f594b64884e2bbf6f7735f293272be
"20000000000000000000000000000"
2020-05-13T12:02:13 - balanceOf 0x461da406107e24fa12c0e0aaf5875091885e03ac
"0"
2020-05-13T12:03:37 - balanceOf 0x461da406107e24fa12c0e0aaf5875091885e03ac
"10000000000000000000000000000"
2020-05-13T12:03:48 - balanceOf 0x461da406107e24fa12c0e0aaf5875091885e03ac
"10000000000000000000000000000"
2020-05-13T12:08:55 - stakeAmount
"1000000000000000000"
2020-05-15T16:11:02 - balanceOf 0x461da406107e24fa12c0e0aaf5875091885e03ac
"9984999990000000000000000000"
2020-05-15T16:11:25 - balanceOf 0x461da406107e24fa12c0e0aaf5875091885e03ac
"9984999990000000000000000000"
2020-05-15T16:11:42 - balanceOf 0x91cd19da1f75cdb6077d5f02bb2186d11f4abdd7
"0"
2020-05-15T16:11:54 - balanceOf 0x910cbaef0843f7367e60c7c2af59f508e1ce2961
"10000000000000000000000000000"
2020-05-15T16:17:17 - stakeAmount
"0"
2020-05-15T16:17:48 - stakeAmount
"0"
2020-05-15T16:18:02 - stakeAmount
"0"
2020-05-15T16:47:46 - stakeAmount
"0"
2020-05-15T16:48:01 - stakeAmount
"0"
2020-05-15T16:48:11 - stakeAmount
"0"
2020-05-15T16:48:16 - stakeAmount
"0"
2020-05-17T21:18:51 - stakeAmount
"10000010000000000000000000"
2020-05-17T21:19:04 - stakeAmount
"0"
2020-05-17T21:23:23 - boxInfo
{
  "0": "0x0000000000000000000000000000000000000000",
  "1": "0",
  "2": "0",
  "3": false,
  "creator": "0x0000000000000000000000000000000000000000",
  "createdAt": "0",
  "balance": "0",
  "destroyed": false
}
2020-05-17T21:50:09 - boxInfo
{
  "0": "0x0000000000000000000000000000000000000000",
  "1": "0",
  "2": "0",
  "3": false,
  "creator": "0x0000000000000000000000000000000000000000",
  "createdAt": "0",
  "balance": "0",
  "destroyed": false
}
2020-05-17T22:00:33 - boxInfo
{
  "0": "0x0000000000000000000000000000000000000000",
  "1": "0",
  "2": "0",
  "3": false,
  "creator": "0x0000000000000000000000000000000000000000",
  "createdAt": "0",
  "balance": "0",
  "destroyed": false
}
2020-05-17T22:18:29 - createBox
{
  "blockHash": "0xd0bf491439ed359d51ab87417a3c60bc1aaebd85ed064eb82b672610550ba865",
  "blockNumber": 28171136,
  "contractAddress": null,
  "from": "0x5399850ab7bfe194fa1594f8051329ccc8acfd56",
  "gas": "0x7a1200",
  "gasPrice": "0x5d21dba00",
  "gasUsed": 66798,
  "input": "0x60a061df5350313234000000000000000000000000000000000000000000000000000000",
  "logsBloom": "0x00000080080000000000000000000000004000000000000000000000000000000000000000000000000000000000000000000000000000000000000000000000000000000000000000000000000000000000000000000000000000000000000000000000000000000000000000000000000000000000004000000000000000000000000000000000000000000000000000000000000001000000000000000000000000000000000000000000000000000000000000000000000000000000000200000000000000000000000000000000000000000000000000000000000000000000000000000000000000000000000000000000000000000000000000000000",
  "nonce": "0x54a",
  "senderTxHash": "0x1d6859f8905e72d04242d07e0f2e5379e1b3a9d5bdfb14a2b3fd026464183e8f",
  "signatures": [
    {
      "V": "0x7f6",
      "R": "0x23c8f31277b6b6acd8dd7fb0c0bc3dd99e250967f18fed5ce2dd00b97df62601",
      "S": "0x7da6ea311787d3bf671a12202c8e5ffa3fbcc87cfba9dd1e6bb3ed9646d4bd1f"
    }
  ],
  "status": true,
  "to": "0x992c4c77573ca6a95a8834237bf08a74295ed3ec",
  "transactionHash": "0x1d6859f8905e72d04242d07e0f2e5379e1b3a9d5bdfb14a2b3fd026464183e8f",
  "transactionIndex": 0,
  "type": "TxTypeSmartContractExecution",
  "typeInt": 48,
  "value": "0x0",
  "events": {
    "BoxCreated": {
      "address": "0x992C4c77573ca6A95a8834237bF08a74295ED3Ec",
      "blockNumber": 28171136,
      "transactionHash": "0x1d6859f8905e72d04242d07e0f2e5379e1b3a9d5bdfb14a2b3fd026464183e8f",
      "transactionIndex": 0,
      "blockHash": "0xd0bf491439ed359d51ab87417a3c60bc1aaebd85ed064eb82b672610550ba865",
      "logIndex": 0,
      "id": "log_6dd0c001",
      "returnValues": {
        "0": "0x5350313234000000000000000000000000000000000000000000000000000000",
        "1": "0x5399850AB7BFE194FA1594F8051329CcC8aCfd56",
        "boxId": "0x5350313234000000000000000000000000000000000000000000000000000000",
        "creator": "0x5399850AB7BFE194FA1594F8051329CcC8aCfd56"
      },
      "event": "BoxCreated",
      "signature": "0x1a0338ba454efa7b5dd5c5959005b88bdb0c49158a1b8aa688022fea8b3c92ce",
      "raw": {
        "data": "0x53503132340000000000000000000000000000000000000000000000000000000000000000000000000000005399850ab7bfe194fa1594f8051329ccc8acfd56",
        "topics": [
          "0x1a0338ba454efa7b5dd5c5959005b88bdb0c49158a1b8aa688022fea8b3c92ce"
        ]
      }
    }
  }
}
2020-05-17T22:19:35 - boxInfo
{
  "0": "0x5399850AB7BFE194FA1594F8051329CcC8aCfd56",
  "1": "1589721509",
  "2": "0",
  "3": false,
  "creator": "0x5399850AB7BFE194FA1594F8051329CcC8aCfd56",
  "createdAt": "1589721509",
  "balance": "0",
  "destroyed": false
}
2020-05-17T22:20:27 - stakeTo
{
  "blockHash": "0xa8fd40e04e4c80f6cbe38d8bb8f4699f128d3bb248a4dbafec2202ca995aaa2a",
  "blockNumber": 28171253,
  "contractAddress": null,
  "from": "0x5399850ab7bfe194fa1594f8051329ccc8acfd56",
  "gas": "0x7a1200",
  "gasPrice": "0x5d21dba00",
  "gasUsed": 109782,
  "input": "0x5b6156d05350313234000000000000000000000000000000000000000000000000000000000000000000000000000000000000000000000000000006aaf7c8516d0c0000",
  "logsBloom": "0x00000088000000000000000000000000004000000000000002000000080000000000000000000000000000000000000000000000000000000000000000200002000000000000000000000008000000000000000000000000000000000000000000000000000000000000000000000000000000000000000000000010000000000000000000000000040000000000000000800000000001000000000000000000020080000000000000000000000000000000000000000000000000000010002000000002000000000000000000000000000000000000000000000000000000000014000000000000000080010000000000000000000000000000000000000000",
  "nonce": "0x54b",
  "senderTxHash": "0xf142e62135131a67fae22b81fa1a64ee8f5719b3c672d2d9f639a1dafd7333bd",
  "signatures": [
    {
      "V": "0x7f5",
      "R": "0x9830faff9553e7893fb6da2bac89f6e1d77250b648e984008ebe597cccb09499",
      "S": "0x23b3a5e1f168b6d11a875e40fe822a6d511717906bb66ef5a3e7216fdfde6720"
    }
  ],
  "status": true,
  "to": "0x992c4c77573ca6a95a8834237bf08a74295ed3ec",
  "transactionHash": "0xf142e62135131a67fae22b81fa1a64ee8f5719b3c672d2d9f639a1dafd7333bd",
  "transactionIndex": 0,
  "type": "TxTypeSmartContractExecution",
  "typeInt": 48,
  "value": "0x0",
  "events": {
    "0": {
      "address": "0x0e6984E470BcC67c9C008F921DCb44a7B252f298",
      "blockNumber": 28171253,
      "transactionHash": "0xf142e62135131a67fae22b81fa1a64ee8f5719b3c672d2d9f639a1dafd7333bd",
      "transactionIndex": 0,
      "blockHash": "0xa8fd40e04e4c80f6cbe38d8bb8f4699f128d3bb248a4dbafec2202ca995aaa2a",
      "logIndex": 0,
      "id": "log_e181e6e2",
      "returnValues": {},
      "signature": null,
      "raw": {
        "data": "0x000000000000000000000000000000000000000000000006aaf7c8516d0c0000",
        "topics": [
          "0xddf252ad1be2c89b69c2b068fc378daa952ba7f163c4a11628f55a4df523b3ef",
          "0x0000000000000000000000005399850ab7bfe194fa1594f8051329ccc8acfd56",
          "0x000000000000000000000000992c4c77573ca6a95a8834237bf08a74295ed3ec"
        ]
      }
    },
    "1": {
      "address": "0x0e6984E470BcC67c9C008F921DCb44a7B252f298",
      "blockNumber": 28171253,
      "transactionHash": "0xf142e62135131a67fae22b81fa1a64ee8f5719b3c672d2d9f639a1dafd7333bd",
      "transactionIndex": 0,
      "blockHash": "0xa8fd40e04e4c80f6cbe38d8bb8f4699f128d3bb248a4dbafec2202ca995aaa2a",
      "logIndex": 1,
      "id": "log_3a3839dc",
      "returnValues": {},
      "signature": null,
      "raw": {
        "data": "0xfffffffffffffffffffffffffffffffffffffffffffffff9550837ae92f3ffff",
        "topics": [
          "0x8c5be1e5ebec7d5bd14f71427d1e84f3dd0314c0f7b2291e5b200ac8c7c3b925",
          "0x0000000000000000000000005399850ab7bfe194fa1594f8051329ccc8acfd56",
          "0x000000000000000000000000992c4c77573ca6a95a8834237bf08a74295ed3ec"
        ]
      }
    },
    "Stake": {
      "address": "0x992C4c77573ca6A95a8834237bF08a74295ED3Ec",
      "blockNumber": 28171253,
      "transactionHash": "0xf142e62135131a67fae22b81fa1a64ee8f5719b3c672d2d9f639a1dafd7333bd",
      "transactionIndex": 0,
      "blockHash": "0xa8fd40e04e4c80f6cbe38d8bb8f4699f128d3bb248a4dbafec2202ca995aaa2a",
      "logIndex": 2,
      "id": "log_a35d75a7",
      "returnValues": {
        "0": "0x5350313234000000000000000000000000000000000000000000000000000000",
        "1": "0x5399850AB7BFE194FA1594F8051329CcC8aCfd56",
        "2": "123000000000000000000",
        "boxId": "0x5350313234000000000000000000000000000000000000000000000000000000",
        "staker": "0x5399850AB7BFE194FA1594F8051329CcC8aCfd56",
        "amount": "123000000000000000000"
      },
      "event": "Stake",
      "signature": "0x01b9b905b7a6ba28c62c1fe629bb4fe2f04219479f94ea8243fd031074b0f137",
      "raw": {
        "data": "0x53503132340000000000000000000000000000000000000000000000000000000000000000000000000000005399850ab7bfe194fa1594f8051329ccc8acfd56000000000000000000000000000000000000000000000006aaf7c8516d0c0000",
        "topics": [
          "0x01b9b905b7a6ba28c62c1fe629bb4fe2f04219479f94ea8243fd031074b0f137"
        ]
      }
    }
  }
}
2020-05-17T22:21:50 - stakeAmount
"123000000000000000000"
2020-05-17T22:21:54 - stakeAmount
"0"
2020-05-17T22:22:10 - stake
{
  "blockHash": "0x91eee43a4a128f419599656e9ad4829dc82231283884d02829cc626c00bf4c15",
  "blockNumber": 28171357,
  "contractAddress": null,
  "from": "0x5399850ab7bfe194fa1594f8051329ccc8acfd56",
  "gas": "0x7a1200",
  "gasPrice": "0x5d21dba00",
  "gasUsed": 90312,
  "input": "0xa694fc3a00000000000000000000000000000000000000000000001166c51744e4640000",
  "logsBloom": "0x00000088000000000000000000000000004000000000000002000000080000000000000000000000000000000000000000000000000000000000000000200002000000000000000000000008000000000000000000000000000000000000000000000000000000000000000000000000000000000000000000000010000000000000000000000000040000000000000000800000000001000000000000000000020080000000000000000000000000000000000000000000000000000010002000000002000000000000000000000000000000000000000000000000000000000014000000000000000080010000000000000000000000000000000000000000",
  "nonce": "0x54c",
  "senderTxHash": "0x440f6b340e64b7bb949dbf32f2c72a4cb8ff202020bc3dcd57553d8575b37c39",
  "signatures": [
    {
      "V": "0x7f5",
      "R": "0x4bf3f1f4f421041e43a12811977f75619d5082e2c2e37b3a1e876aa72ac674d6",
      "S": "0xe6d39f9c7aacc6936dbe5f811c6ba95e4a9a21ac14c63160cdd3b2e7eb41b9e"
    }
  ],
  "status": true,
  "to": "0x992c4c77573ca6a95a8834237bf08a74295ed3ec",
  "transactionHash": "0x440f6b340e64b7bb949dbf32f2c72a4cb8ff202020bc3dcd57553d8575b37c39",
  "transactionIndex": 0,
  "type": "TxTypeSmartContractExecution",
  "typeInt": 48,
  "value": "0x0",
  "events": {
    "0": {
      "address": "0x0e6984E470BcC67c9C008F921DCb44a7B252f298",
      "blockNumber": 28171357,
      "transactionHash": "0x440f6b340e64b7bb949dbf32f2c72a4cb8ff202020bc3dcd57553d8575b37c39",
      "transactionIndex": 0,
      "blockHash": "0x91eee43a4a128f419599656e9ad4829dc82231283884d02829cc626c00bf4c15",
      "logIndex": 0,
      "id": "log_30801596",
      "returnValues": {},
      "signature": null,
      "raw": {
        "data": "0x00000000000000000000000000000000000000000000001166c51744e4640000",
        "topics": [
          "0xddf252ad1be2c89b69c2b068fc378daa952ba7f163c4a11628f55a4df523b3ef",
          "0x0000000000000000000000005399850ab7bfe194fa1594f8051329ccc8acfd56",
          "0x000000000000000000000000992c4c77573ca6a95a8834237bf08a74295ed3ec"
        ]
      }
    },
    "1": {
      "address": "0x0e6984E470BcC67c9C008F921DCb44a7B252f298",
      "blockNumber": 28171357,
      "transactionHash": "0x440f6b340e64b7bb949dbf32f2c72a4cb8ff202020bc3dcd57553d8575b37c39",
      "transactionIndex": 0,
      "blockHash": "0x91eee43a4a128f419599656e9ad4829dc82231283884d02829cc626c00bf4c15",
      "logIndex": 1,
      "id": "log_71d14f0f",
      "returnValues": {},
      "signature": null,
      "raw": {
        "data": "0xffffffffffffffffffffffffffffffffffffffffffffffe7ee432069ae8fffff",
        "topics": [
          "0x8c5be1e5ebec7d5bd14f71427d1e84f3dd0314c0f7b2291e5b200ac8c7c3b925",
          "0x0000000000000000000000005399850ab7bfe194fa1594f8051329ccc8acfd56",
          "0x000000000000000000000000992c4c77573ca6a95a8834237bf08a74295ed3ec"
        ]
      }
    },
    "Stake": {
      "address": "0x992C4c77573ca6A95a8834237bF08a74295ED3Ec",
      "blockNumber": 28171357,
      "transactionHash": "0x440f6b340e64b7bb949dbf32f2c72a4cb8ff202020bc3dcd57553d8575b37c39",
      "transactionIndex": 0,
      "blockHash": "0x91eee43a4a128f419599656e9ad4829dc82231283884d02829cc626c00bf4c15",
      "logIndex": 2,
      "id": "log_fa8815eb",
      "returnValues": {
        "0": "0x0000000000000000000000000000000000000000000000000000000000000000",
        "1": "0x5399850AB7BFE194FA1594F8051329CcC8aCfd56",
        "2": "321000000000000000000",
        "boxId": "0x0000000000000000000000000000000000000000000000000000000000000000",
        "staker": "0x5399850AB7BFE194FA1594F8051329CcC8aCfd56",
        "amount": "321000000000000000000"
      },
      "event": "Stake",
      "signature": "0x01b9b905b7a6ba28c62c1fe629bb4fe2f04219479f94ea8243fd031074b0f137",
      "raw": {
        "data": "0x00000000000000000000000000000000000000000000000000000000000000000000000000000000000000005399850ab7bfe194fa1594f8051329ccc8acfd5600000000000000000000000000000000000000000000001166c51744e4640000",
        "topics": [
          "0x01b9b905b7a6ba28c62c1fe629bb4fe2f04219479f94ea8243fd031074b0f137"
        ]
      }
    }
  }
}
2020-05-17T22:22:16 - stakeAmount
"0"
2020-05-17T22:22:40 - stakeAmount
"321000000000000000000"
2020-05-17T22:57:49 - boxInfo
{
  "0": "0x910CbAef0843f7367e60c7C2AF59F508E1CE2961",
  "1": "1589723859",
  "2": "0",
  "3": false,
  "creator": "0x910CbAef0843f7367e60c7C2AF59F508E1CE2961",
  "createdAt": "1589723859",
  "balance": "0",
  "destroyed": false
}
2020-05-17T22:59:32 - stakeAmount
"1230000000000"
2020-05-17T23:00:25 - stakeAmount
"1000000000000000"
2020-05-22T12:23:18 - balanceOf 0x02c3d28f9d2618f03f8a499774ac28332471ae6a
"89999999994003689999999999970"
2020-05-22T12:24:30 - balanceOf 0x9b204cd0fa83ef6cc131559d7666dec61d45fddf
"100000000000000000000"
2020-05-22T22:16:29 - balanceOf 0xdfc38664bf9d14c490f1b9a66e6a82d97633f9e1
"7944672987999994999999989000"
2020-05-24T21:40:38 - balanceOf 0x910cbaef0843f7367e60c7c2af59f508e1ce2961
"9995897998770000000000"
2020-05-25T20:44:45 - balanceOf 0x27e545916ccd53752852972030b947c8ecfb240a
"9999999997000000000000000000"
2020-05-25T23:26:04 - balanceOf 0x910cbaef0843f7367e60c7c2af59f508e1ce2961
"10063594998770000000000"
2020-05-25T23:28:25 - balanceOf 0x910cbaef0843f7367e60c7c2af59f508e1ce2961
"10063594998770000000000"
2020-05-25T23:28:30 - balanceOf 0x910cbaef0843f7367e60c7c2af59f508e1ce2961
"10063594998770000000000"
2020-05-25T23:28:58 - balanceOf 0x910cbaef0843f7367e60c7c2af59f508e1ce2961
"10063594998770000000000"
2020-05-25T23:29:25 - balanceOf 0x910cbaef0843f7367e60c7c2af59f508e1ce2961
"10063594998770000000000"
2020-05-25T23:29:28 - balanceOf 0x910cbaef0843f7367e60c7c2af59f508e1ce2961
"10063594998770000000000"
2020-05-25T23:29:53 - balanceOf 0x910cbaef0843f7367e60c7c2af59f508e1ce2961
"10063594998770000000000"
2020-05-25T23:36:28 - balanceOf 0x910cbaef0843f7367e60c7c2af59f508e1ce2961
"10063594998770000000000"
2020-05-25T23:38:34 - balanceOf 0x910cbaef0843f7367e60c7c2af59f508e1ce2961
"10063594998770000000000"
2020-05-25T23:38:40 - balanceOf 0x910cbaef0843f7367e60c7c2af59f508e1ce2961
"10063594998770000000000"
2020-05-25T23:38:56 - balanceOf 0x910cbaef0843f7367e60c7c2af59f508e1ce2961
"10063594998770000000000"
2020-05-25T23:39:14 - balanceOf 0x910cbaef0843f7367e60c7c2af59f508e1ce2961
"10063594998770000000000"
2020-05-25T23:39:39 - balanceOf 0x910cbaef0843f7367e60c7c2af59f508e1ce2961
"10063594998770000000000"
2020-05-25T23:41:54 - balanceOf 0x910cbaef0843f7367e60c7c2af59f508e1ce2961
"10063594998770000000000"
2020-05-25T23:49:17 - balanceOf 0x910cbaef0843f7367e60c7c2af59f508e1ce2961
"10063594998770000000000"
2020-05-26T00:02:12 - balanceOf 0x0c1fa426e3b56851f8042284ba5b976cf5e1bfaa
"125305368995965451"
2020-05-26T00:04:05 - balanceOf 0x0c1fa426e3b56851f8042284ba5b976cf5e1bfaa
"9995425780945534519080"
2020-05-26T00:09:58 - balanceOf 0x0c1fa426e3b56851f8042284ba5b976cf5e1bfaa
"9703912378533015341571"
2020-05-26T16:57:07 - balanceOf 0x27e545916ccd53752852972030b947c8ecfb240a
"9999999997000000000000000000"
2020-05-29T12:28:51 - stakeAmount
"100000400000000000000000000"
